<?xml version="1.0" encoding="UTF-8"?>
<testsuite xmlns:xsi="http://www.w3.org/2001/XMLSchema-instance" xsi:noNamespaceSchemaLocation="https://maven.apache.org/surefire/maven-surefire-plugin/xsd/surefire-test-report-3.0.xsd" version="3.0" name="uc.dei.server.ServerApplicationTests" time="3.543" tests="1" errors="0" skipped="0" failures="0">
  <properties>
[...]
</properties>
  <testcase name="contextLoads" classname="uc.dei.server.ServerApplicationTests" time="0.854">
    <system-out><![CDATA[16:08:29.692 [main] INFO org.springframework.test.context.support.AnnotationConfigContextLoaderUtils -- Could not detect default configuration classes for test class [uc.dei.server.ServerApplicationTests]: ServerApplicationTests does not declare any static, non-private, non-final, nested classes annotated with @Configuration.
16:08:29.813 [main] INFO org.springframework.boot.test.context.SpringBootTestContextBootstrapper -- Found @SpringBootConfiguration uc.dei.ServerApplication for test class uc.dei.server.ServerApplicationTests
16:08:29.974 [main] INFO org.springframework.boot.devtools.restart.RestartApplicationListener -- Restart disabled due to context in which it is running

  .   ____          _            __ _ _
 /\\ / ___'_ __ _ _(_)_ __  __ _ \ \ \ \
( ( )\___ | '_ | '_| | '_ \/ _` | \ \ \ \
 \\/  ___)| |_)| | | | | || (_| |  ) ) ) )
  '  |____| .__|_| |_|_| |_\__, | / / / /
 =========|_|==============|___/=/_/_/_/
 :: Spring Boot ::                (v3.1.5)

2023-11-04T16:08:30.188Z  INFO 10520 --- [           main] uc.dei.server.ServerApplicationTests     : Starting ServerApplicationTests using Java 20.0.1 with PID 10520 (started by ferre in c:\Users\ferre\Documents\Uni\IS\Projeto2\Is_Assignment2\server)
2023-11-04T16:08:30.188Z DEBUG 10520 --- [           main] uc.dei.server.ServerApplicationTests     : Running with Spring Boot v3.1.5, Spring v6.0.13
2023-11-04T16:08:30.188Z  INFO 10520 --- [           main] uc.dei.server.ServerApplicationTests     : No active profile set, falling back to 1 default profile: "default"
2023-11-04T16:08:30.189Z DEBUG 10520 --- [           main] o.s.boot.SpringApplication               : Loading source class uc.dei.ServerApplication
2023-11-04T16:08:30.218Z DEBUG 10520 --- [           main] r.c.GenericReactiveWebApplicationContext : Refreshing org.springframework.boot.web.reactive.context.GenericReactiveWebApplicationContext@d816dde
2023-11-04T16:08:30.233Z DEBUG 10520 --- [           main] o.s.b.f.s.DefaultListableBeanFactory     : Creating shared instance of singleton bean 'org.springframework.context.annotation.internalConfigurationAnnotationProcessor'
2023-11-04T16:08:30.246Z DEBUG 10520 --- [           main] o.s.b.f.s.DefaultListableBeanFactory     : Creating shared instance of singleton bean 'org.springframework.boot.autoconfigure.internalCachingMetadataReaderFactory'
2023-11-04T16:08:30.272Z DEBUG 10520 --- [           main] o.s.c.a.ClassPathBeanDefinitionScanner   : Identified candidate component class: file [C:\Users\ferre\Documents\Uni\IS\Projeto2\Is_Assignment2\server\target\classes\uc\dei\OwnerService.class]
2023-11-04T16:08:30.273Z DEBUG 10520 --- [           main] o.s.c.a.ClassPathBeanDefinitionScanner   : Identified candidate component class: file [C:\Users\ferre\Documents\Uni\IS\Projeto2\Is_Assignment2\server\target\classes\uc\dei\PetService.class]
2023-11-04T16:08:30.274Z DEBUG 10520 --- [           main] o.s.c.a.ClassPathBeanDefinitionScanner   : Identified candidate component class: file [C:\Users\ferre\Documents\Uni\IS\Projeto2\Is_Assignment2\server\target\classes\uc\dei\RESTController.class]
2023-11-04T16:08:30.731Z  INFO 10520 --- [           main] .s.d.r.c.RepositoryConfigurationDelegate : Bootstrapping Spring Data R2DBC repositories in DEFAULT mode.
2023-11-04T16:08:30.735Z DEBUG 10520 --- [           main] o.s.b.f.s.DefaultListableBeanFactory     : Creating shared instance of singleton bean 'org.springframework.boot.autoconfigure.AutoConfigurationPackages'
2023-11-04T16:08:30.743Z DEBUG 10520 --- [           main] o.s.b.a.AutoConfigurationPackages        : @EnableAutoConfiguration was declared on a class in the package 'uc.dei'. Automatic @Repository and @Entity scanning is enabled.
2023-11-04T16:08:30.744Z DEBUG 10520 --- [           main] .s.d.r.c.RepositoryConfigurationDelegate : Scanning for R2DBC repositories in packages uc.dei.
2023-11-04T16:08:30.754Z DEBUG 10520 --- [           main] o.s.d.r.c.RepositoryComponentProvider    : Identified candidate component class: file [C:\Users\ferre\Documents\Uni\IS\Projeto2\Is_Assignment2\server\target\classes\uc\dei\OwnerRepository.class]
2023-11-04T16:08:30.754Z DEBUG 10520 --- [           main] o.s.d.r.c.RepositoryComponentProvider    : Identified candidate component class: file [C:\Users\ferre\Documents\Uni\IS\Projeto2\Is_Assignment2\server\target\classes\uc\dei\PetRepository.class]
2023-11-04T16:08:30.914Z  INFO 10520 --- [           main] .s.d.r.c.RepositoryConfigurationDelegate : Finished Spring Data repository scanning in 167 ms. Found 2 R2DBC repository interfaces.
2023-11-04T16:08:31.059Z DEBUG 10520 --- [           main] o.s.b.f.s.DefaultListableBeanFactory     : Creating shared instance of singleton bean 'propertySourcesPlaceholderConfigurer'
2023-11-04T16:08:31.062Z DEBUG 10520 --- [           main] o.s.b.f.s.DefaultListableBeanFactory     : Creating shared instance of singleton bean 'org.springframework.boot.test.mock.mockito.MockitoPostProcessor'
2023-11-04T16:08:31.065Z DEBUG 10520 --- [           main] o.s.b.f.s.DefaultListableBeanFactory     : Creating shared instance of singleton bean 'org.springframework.boot.sql.init.dependency.DatabaseInitializationDependencyConfigurer$DependsOnDatabaseInitializationPostProcessor'
2023-11-04T16:08:31.093Z DEBUG 10520 --- [           main] o.s.b.f.s.DefaultListableBeanFactory     : Creating shared instance of singleton bean 'org.springframework.context.event.internalEventListenerProcessor'
2023-11-04T16:08:31.094Z DEBUG 10520 --- [           main] o.s.b.f.s.DefaultListableBeanFactory     : Creating shared instance of singleton bean 'forceAutoProxyCreatorToUseClassProxying'
2023-11-04T16:08:31.095Z DEBUG 10520 --- [           main] o.s.b.f.s.DefaultListableBeanFactory     : Creating shared instance of singleton bean 'org.springframework.context.event.internalEventListenerFactory'
2023-11-04T16:08:31.095Z DEBUG 10520 --- [           main] o.s.b.f.s.DefaultListableBeanFactory     : Creating shared instance of singleton bean 'org.springframework.transaction.config.internalTransactionalEventListenerFactory'
2023-11-04T16:08:31.098Z DEBUG 10520 --- [           main] o.s.b.f.s.DefaultListableBeanFactory     : Creating shared instance of singleton bean 'org.springframework.boot.test.mock.mockito.MockitoPostProcessor$SpyPostProcessor'
2023-11-04T16:08:31.099Z DEBUG 10520 --- [           main] o.s.b.f.s.DefaultListableBeanFactory     : Creating shared instance of singleton bean 'org.springframework.context.annotation.internalAutowiredAnnotationProcessor'
2023-11-04T16:08:31.101Z DEBUG 10520 --- [           main] o.s.b.f.s.DefaultListableBeanFactory     : Creating shared instance of singleton bean 'org.springframework.context.annotation.internalCommonAnnotationProcessor'
2023-11-04T16:08:31.105Z DEBUG 10520 --- [           main] o.s.b.f.s.DefaultListableBeanFactory     : Creating shared instance of singleton bean 'org.springframework.boot.context.properties.ConfigurationPropertiesBindingPostProcessor'
2023-11-04T16:08:31.105Z DEBUG 10520 --- [           main] o.s.b.f.s.DefaultListableBeanFactory     : Creating shared instance of singleton bean 'org.springframework.boot.context.internalConfigurationPropertiesBinder'
2023-11-04T16:08:31.107Z DEBUG 10520 --- [           main] o.s.b.f.s.DefaultListableBeanFactory     : Creating shared instance of singleton bean 'persistenceExceptionTranslationPostProcessor'
2023-11-04T16:08:31.116Z DEBUG 10520 --- [           main] o.s.b.f.s.DefaultListableBeanFactory     : Autowiring by type from bean name 'persistenceExceptionTranslationPostProcessor' via factory method to bean named 'environment'
2023-11-04T16:08:31.127Z DEBUG 10520 --- [           main] o.s.b.f.s.DefaultListableBeanFactory     : Creating shared instance of singleton bean 'org.springframework.aop.config.internalAutoProxyCreator'
2023-11-04T16:08:31.135Z DEBUG 10520 --- [           main] o.s.b.f.s.DefaultListableBeanFactory     : Creating shared instance of singleton bean 'webServerFactoryCustomizerBeanPostProcessor'
2023-11-04T16:08:31.139Z DEBUG 10520 --- [           main] o.s.b.f.s.DefaultListableBeanFactory     : Creating shared instance of singleton bean 'serverApplication'
2023-11-04T16:08:31.143Z DEBUG 10520 --- [           main] o.s.b.f.s.DefaultListableBeanFactory     : Creating shared instance of singleton bean 'org.springframework.transaction.config.internalTransactionAdvisor'
2023-11-04T16:08:31.144Z DEBUG 10520 --- [           main] o.s.b.f.s.DefaultListableBeanFactory     : Creating shared instance of singleton bean 'org.springframework.transaction.annotation.ProxyTransactionManagementConfiguration'
2023-11-04T16:08:31.149Z DEBUG 10520 --- [           main] o.s.b.f.s.DefaultListableBeanFactory     : Creating shared instance of singleton bean 'transactionAttributeSource'
2023-11-04T16:08:31.150Z DEBUG 10520 --- [           main] o.s.b.f.s.DefaultListableBeanFactory     : Creating shared instance of singleton bean 'transactionInterceptor'
2023-11-04T16:08:31.151Z DEBUG 10520 --- [           main] o.s.b.f.s.DefaultListableBeanFactory     : Autowiring by type from bean name 'transactionInterceptor' via factory method to bean named 'transactionAttributeSource'
2023-11-04T16:08:31.156Z DEBUG 10520 --- [           main] o.s.b.f.s.DefaultListableBeanFactory     : Autowiring by type from bean name 'org.springframework.transaction.config.internalTransactionAdvisor' via factory method to bean named 'transactionAttributeSource'
2023-11-04T16:08:31.157Z DEBUG 10520 --- [           main] o.s.b.f.s.DefaultListableBeanFactory     : Autowiring by type from bean name 'org.springframework.transaction.config.internalTransactionAdvisor' via factory method to bean named 'transactionInterceptor'
2023-11-04T16:08:31.161Z DEBUG 10520 --- [           main] o.s.b.f.s.DefaultListableBeanFactory     : Creating shared instance of singleton bean 'ownerService'
2023-11-04T16:08:31.163Z DEBUG 10520 --- [           main] o.s.b.f.s.DefaultListableBeanFactory     : Creating shared instance of singleton bean 'ownerRepository'
2023-11-04T16:08:31.167Z DEBUG 10520 --- [           main] o.s.b.f.s.DefaultListableBeanFactory     : Creating shared instance of singleton bean 'r2dbc.named-queries#1'
2023-11-04T16:08:31.170Z DEBUG 10520 --- [           main] o.s.b.f.s.DefaultListableBeanFactory     : Creating shared instance of singleton bean 'r2dbc.OwnerRepository.fragments#0'
2023-11-04T16:08:31.175Z DEBUG 10520 --- [           main] o.s.b.f.s.DefaultListableBeanFactory     : Creating shared instance of singleton bean 'r2dbcEntityTemplate'
2023-11-04T16:08:31.175Z DEBUG 10520 --- [           main] o.s.b.f.s.DefaultListableBeanFactory     : Creating shared instance of singleton bean 'org.springframework.boot.autoconfigure.data.r2dbc.R2dbcDataAutoConfiguration'
2023-11-04T16:08:31.175Z DEBUG 10520 --- [           main] o.s.b.f.s.DefaultListableBeanFactory     : Creating shared instance of singleton bean 'r2dbcDatabaseClient'
2023-11-04T16:08:31.175Z DEBUG 10520 --- [           main] o.s.b.f.s.DefaultListableBeanFactory     : Creating shared instance of singleton bean 'org.springframework.boot.autoconfigure.r2dbc.ConnectionFactoryDependentConfiguration'
2023-11-04T16:08:31.176Z DEBUG 10520 --- [           main] o.s.b.f.s.DefaultListableBeanFactory     : Creating shared instance of singleton bean 'connectionFactory'
2023-11-04T16:08:31.176Z DEBUG 10520 --- [           main] o.s.b.f.s.DefaultListableBeanFactory     : Creating shared instance of singleton bean 'org.springframework.boot.autoconfigure.r2dbc.ConnectionFactoryConfigurations$PoolConfiguration$PooledConnectionFactoryConfiguration'
2023-11-04T16:08:31.177Z DEBUG 10520 --- [           main] o.s.b.f.s.DefaultListableBeanFactory     : Creating shared instance of singleton bean 'spring.r2dbc-org.springframework.boot.autoconfigure.r2dbc.R2dbcProperties'
2023-11-04T16:08:31.179Z DEBUG 10520 --- [           main] o.s.b.f.s.DefaultListableBeanFactory     : Creating shared instance of singleton bean 'org.springframework.boot.context.properties.BoundConfigurationProperties'
2023-11-04T16:08:31.192Z DEBUG 10520 --- [           main] o.s.b.f.s.DefaultListableBeanFactory     : Autowiring by type from bean name 'connectionFactory' via factory method to bean named 'spring.r2dbc-org.springframework.boot.autoconfigure.r2dbc.R2dbcProperties'
2023-11-04T16:08:31.192Z DEBUG 10520 --- [           main] o.s.b.f.s.DefaultListableBeanFactory     : Autowiring by type from bean name 'connectionFactory' via factory method to bean named 'org.springframework.boot.web.reactive.context.GenericReactiveWebApplicationContext@d816dde'
2023-11-04T16:08:31.195Z DEBUG 10520 --- [           main] o.s.b.f.s.DefaultListableBeanFactory     : Creating shared instance of singleton bean 'propertiesR2dbcConnectionDetails'
2023-11-04T16:08:31.195Z DEBUG 10520 --- [           main] o.s.b.f.s.DefaultListableBeanFactory     : Creating shared instance of singleton bean 'org.springframework.boot.autoconfigure.r2dbc.R2dbcAutoConfiguration'
2023-11-04T16:08:31.196Z DEBUG 10520 --- [           main] o.s.b.f.s.DefaultListableBeanFactory     : Autowiring by type from bean name 'propertiesR2dbcConnectionDetails' via factory method to bean named 'spring.r2dbc-org.springframework.boot.autoconfigure.r2dbc.R2dbcProperties'
2023-11-04T16:08:31.220Z DEBUG 10520 --- [           main] reactor.util.Loggers                     : Using Slf4j logging framework
2023-11-04T16:08:31.232Z DEBUG 10520 --- [           main] io.r2dbc.postgresql.Extensions           : Discovering Extensions using ServiceLoader
2023-11-04T16:08:31.233Z DEBUG 10520 --- [           main] io.r2dbc.postgresql.Extensions           : Registering extension io.r2dbc.postgresql.codec.BuiltinDynamicCodecs
2023-11-04T16:08:31.288Z DEBUG 10520 --- [           main] i.n.u.i.logging.InternalLoggerFactory    : Using SLF4J as the default logging framework
2023-11-04T16:08:31.301Z DEBUG 10520 --- [           main] i.n.util.internal.PlatformDependent0     : -Dio.netty.noUnsafe: false
2023-11-04T16:08:31.301Z DEBUG 10520 --- [           main] i.n.util.internal.PlatformDependent0     : Java version: 20
2023-11-04T16:08:31.303Z DEBUG 10520 --- [           main] i.n.util.internal.PlatformDependent0     : sun.misc.Unsafe.theUnsafe: available
2023-11-04T16:08:31.304Z DEBUG 10520 --- [           main] i.n.util.internal.PlatformDependent0     : sun.misc.Unsafe.copyMemory: available
2023-11-04T16:08:31.305Z DEBUG 10520 --- [           main] i.n.util.internal.PlatformDependent0     : sun.misc.Unsafe.storeFence: available
2023-11-04T16:08:31.306Z DEBUG 10520 --- [           main] i.n.util.internal.PlatformDependent0     : java.nio.Buffer.address: available
2023-11-04T16:08:31.306Z DEBUG 10520 --- [           main] i.n.util.internal.PlatformDependent0     : direct buffer constructor: unavailable: Reflective setAccessible(true) disabled
2023-11-04T16:08:31.307Z DEBUG 10520 --- [           main] i.n.util.internal.PlatformDependent0     : java.nio.Bits.unaligned: available, true
2023-11-04T16:08:31.308Z DEBUG 10520 --- [           main] i.n.util.internal.PlatformDependent0     : jdk.internal.misc.Unsafe.allocateUninitializedArray(int): unavailable: class io.netty.util.internal.PlatformDependent0$7 cannot access class jdk.internal.misc.Unsafe (in module java.base) because module java.base does not export jdk.internal.misc to unnamed module @27d415d9
2023-11-04T16:08:31.308Z DEBUG 10520 --- [           main] i.n.util.internal.PlatformDependent0     : java.nio.DirectByteBuffer.<init>(long, {int,long}): unavailable
2023-11-04T16:08:31.308Z DEBUG 10520 --- [           main] i.netty.util.internal.PlatformDependent  : sun.misc.Unsafe: available
2023-11-04T16:08:31.309Z DEBUG 10520 --- [           main] i.netty.util.internal.PlatformDependent  : -Dio.netty.tmpdir: C:\Users\ferre\AppData\Local\Temp (java.io.tmpdir)
2023-11-04T16:08:31.309Z DEBUG 10520 --- [           main] i.netty.util.internal.PlatformDependent  : -Dio.netty.bitMode: 64 (sun.arch.data.model)
2023-11-04T16:08:31.309Z DEBUG 10520 --- [           main] i.netty.util.internal.PlatformDependent  : Platform: Windows
2023-11-04T16:08:31.309Z DEBUG 10520 --- [           main] i.netty.util.internal.PlatformDependent  : -Dio.netty.maxDirectMemory: -1 bytes
2023-11-04T16:08:31.309Z DEBUG 10520 --- [           main] i.netty.util.internal.PlatformDependent  : -Dio.netty.uninitializedArrayAllocationThreshold: -1
2023-11-04T16:08:31.310Z DEBUG 10520 --- [           main] io.netty.util.internal.CleanerJava9      : java.nio.ByteBuffer.cleaner(): available
2023-11-04T16:08:31.310Z DEBUG 10520 --- [           main] i.netty.util.internal.PlatformDependent  : -Dio.netty.noPreferDirect: false
2023-11-04T16:08:31.332Z DEBUG 10520 --- [           main] io.netty.util.ResourceLeakDetector       : -Dio.netty.leakDetection.level: simple
2023-11-04T16:08:31.333Z DEBUG 10520 --- [           main] io.netty.util.ResourceLeakDetector       : -Dio.netty.leakDetection.targetRecords: 4
2023-11-04T16:08:31.363Z DEBUG 10520 --- [           main] o.s.b.f.s.DefaultListableBeanFactory     : Autowiring by type from bean name 'r2dbcDatabaseClient' via factory method to bean named 'connectionFactory'
2023-11-04T16:08:31.370Z DEBUG 10520 --- [           main] o.s.b.f.s.DefaultListableBeanFactory     : Autowiring by type from bean name 'org.springframework.boot.autoconfigure.data.r2dbc.R2dbcDataAutoConfiguration' via constructor to bean named 'r2dbcDatabaseClient'
2023-11-04T16:08:31.388Z DEBUG 10520 --- [           main] o.s.b.f.s.DefaultListableBeanFactory     : Creating shared instance of singleton bean 'r2dbcConverter'
2023-11-04T16:08:31.388Z DEBUG 10520 --- [           main] o.s.b.f.s.DefaultListableBeanFactory     : Creating shared instance of singleton bean 'r2dbcMappingContext'
2023-11-04T16:08:31.388Z DEBUG 10520 --- [           main] o.s.b.f.s.DefaultListableBeanFactory     : Creating shared instance of singleton bean 'r2dbcCustomConversions'
2023-11-04T16:08:31.413Z DEBUG 10520 --- [           main] o.s.data.convert.CustomConversions       : Adding converter from class io.r2dbc.postgresql.codec.Point to class org.springframework.data.geo.Point as reading converter
2023-11-04T16:08:31.414Z DEBUG 10520 --- [           main] o.s.data.convert.CustomConversions       : Adding converter from class org.springframework.data.geo.Point to class io.r2dbc.postgresql.codec.Point as writing converter
2023-11-04T16:08:31.414Z DEBUG 10520 --- [           main] o.s.data.convert.CustomConversions       : Adding converter from class io.r2dbc.postgresql.codec.Circle to class org.springframework.data.geo.Circle as reading converter
2023-11-04T16:08:31.414Z DEBUG 10520 --- [           main] o.s.data.convert.CustomConversions       : Adding converter from class org.springframework.data.geo.Circle to class io.r2dbc.postgresql.codec.Circle as writing converter
2023-11-04T16:08:31.414Z DEBUG 10520 --- [           main] o.s.data.convert.CustomConversions       : Adding converter from class io.r2dbc.postgresql.codec.Box to class org.springframework.data.geo.Box as reading converter
2023-11-04T16:08:31.414Z DEBUG 10520 --- [           main] o.s.data.convert.CustomConversions       : Adding converter from class org.springframework.data.geo.Box to class io.r2dbc.postgresql.codec.Box as writing converter
2023-11-04T16:08:31.414Z DEBUG 10520 --- [           main] o.s.data.convert.CustomConversions       : Adding converter from class io.r2dbc.postgresql.codec.Polygon to class org.springframework.data.geo.Polygon as reading converter
2023-11-04T16:08:31.414Z DEBUG 10520 --- [           main] o.s.data.convert.CustomConversions       : Adding converter from class org.springframework.data.geo.Polygon to class io.r2dbc.postgresql.codec.Polygon as writing converter
2023-11-04T16:08:31.414Z DEBUG 10520 --- [           main] o.s.data.convert.CustomConversions       : Adding converter from class io.r2dbc.postgresql.codec.Json to class [B as reading converter
2023-11-04T16:08:31.414Z DEBUG 10520 --- [           main] o.s.data.convert.CustomConversions       : Adding converter from class io.r2dbc.postgresql.codec.Json to class java.lang.String as reading converter
2023-11-04T16:08:31.414Z DEBUG 10520 --- [           main] o.s.data.convert.CustomConversions       : Adding converter from interface io.r2dbc.spi.Row to class java.lang.Boolean as reading converter
2023-11-04T16:08:31.414Z DEBUG 10520 --- [           main] o.s.data.convert.CustomConversions       : Adding converter from interface io.r2dbc.spi.Row to class java.lang.Number as reading converter
2023-11-04T16:08:31.414Z DEBUG 10520 --- [           main] o.s.data.convert.CustomConversions       : Adding converter from interface io.r2dbc.spi.Row to class java.time.LocalDate as reading converter
2023-11-04T16:08:31.414Z DEBUG 10520 --- [           main] o.s.data.convert.CustomConversions       : Adding converter from interface io.r2dbc.spi.Row to class java.time.LocalDateTime as reading converter
2023-11-04T16:08:31.414Z DEBUG 10520 --- [           main] o.s.data.convert.CustomConversions       : Adding converter from interface io.r2dbc.spi.Row to class java.time.LocalTime as reading converter
2023-11-04T16:08:31.415Z DEBUG 10520 --- [           main] o.s.data.convert.CustomConversions       : Adding converter from interface io.r2dbc.spi.Row to class java.time.OffsetDateTime as reading converter
2023-11-04T16:08:31.415Z DEBUG 10520 --- [           main] o.s.data.convert.CustomConversions       : Adding converter from interface io.r2dbc.spi.Row to class java.lang.String as reading converter
2023-11-04T16:08:31.415Z DEBUG 10520 --- [           main] o.s.data.convert.CustomConversions       : Adding converter from interface io.r2dbc.spi.Row to class java.util.UUID as reading converter
2023-11-04T16:08:31.415Z DEBUG 10520 --- [           main] o.s.data.convert.CustomConversions       : Adding converter from interface io.r2dbc.spi.Row to class java.time.ZonedDateTime as reading converter
2023-11-04T16:08:31.415Z DEBUG 10520 --- [           main] o.s.data.convert.CustomConversions       : Adding converter from class java.util.Date to class java.time.LocalDateTime as reading converter
2023-11-04T16:08:31.415Z DEBUG 10520 --- [           main] o.s.data.convert.CustomConversions       : Adding converter from class java.time.LocalDateTime to class java.util.Date as writing converter
2023-11-04T16:08:31.415Z DEBUG 10520 --- [           main] o.s.data.convert.CustomConversions       : Adding converter from class java.util.Date to class java.time.LocalDate as reading converter
2023-11-04T16:08:31.415Z DEBUG 10520 --- [           main] o.s.data.convert.CustomConversions       : Adding converter from class java.time.LocalDate to class java.util.Date as writing converter
2023-11-04T16:08:31.415Z DEBUG 10520 --- [           main] o.s.data.convert.CustomConversions       : Adding converter from class java.util.Date to class java.time.LocalTime as reading converter
2023-11-04T16:08:31.415Z DEBUG 10520 --- [           main] o.s.data.convert.CustomConversions       : Adding converter from class java.time.LocalTime to class java.util.Date as writing converter
2023-11-04T16:08:31.415Z DEBUG 10520 --- [           main] o.s.data.convert.CustomConversions       : Adding converter from class java.util.Date to class java.time.Instant as reading converter
2023-11-04T16:08:31.415Z DEBUG 10520 --- [           main] o.s.data.convert.CustomConversions       : Adding converter from class java.time.Instant to class java.util.Date as writing converter
2023-11-04T16:08:31.416Z DEBUG 10520 --- [           main] o.s.data.convert.CustomConversions       : Adding converter from class java.time.LocalDateTime to class java.time.Instant as reading converter
2023-11-04T16:08:31.416Z DEBUG 10520 --- [           main] o.s.data.convert.CustomConversions       : Adding converter from class java.time.Instant to class java.time.LocalDateTime as reading converter
2023-11-04T16:08:31.416Z DEBUG 10520 --- [           main] o.s.data.convert.CustomConversions       : Adding converter from class java.time.ZoneId to class java.lang.String as writing converter
2023-11-04T16:08:31.416Z DEBUG 10520 --- [           main] o.s.data.convert.CustomConversions       : Adding converter from class java.lang.String to class java.time.ZoneId as reading converter
2023-11-04T16:08:31.416Z DEBUG 10520 --- [           main] o.s.data.convert.CustomConversions       : Adding converter from class java.time.Duration to class java.lang.String as writing converter
2023-11-04T16:08:31.416Z DEBUG 10520 --- [           main] o.s.data.convert.CustomConversions       : Adding converter from class java.lang.String to class java.time.Duration as reading converter
2023-11-04T16:08:31.416Z DEBUG 10520 --- [           main] o.s.data.convert.CustomConversions       : Adding converter from class java.time.Period to class java.lang.String as writing converter
2023-11-04T16:08:31.416Z DEBUG 10520 --- [           main] o.s.data.convert.CustomConversions       : Adding converter from class java.lang.String to class java.time.Period as reading converter
2023-11-04T16:08:31.416Z DEBUG 10520 --- [           main] o.s.data.convert.CustomConversions       : Adding converter from class java.lang.String to class java.time.LocalDate as reading converter
2023-11-04T16:08:31.416Z DEBUG 10520 --- [           main] o.s.data.convert.CustomConversions       : Adding converter from class java.lang.String to class java.time.LocalDateTime as reading converter
2023-11-04T16:08:31.416Z DEBUG 10520 --- [           main] o.s.data.convert.CustomConversions       : Adding converter from class java.lang.String to class java.time.Instant as reading converter
2023-11-04T16:08:31.420Z DEBUG 10520 --- [           main] o.s.b.f.s.DefaultListableBeanFactory     : Creating shared instance of singleton bean 'r2dbcManagedTypes'
2023-11-04T16:08:31.421Z DEBUG 10520 --- [           main] o.s.b.f.s.DefaultListableBeanFactory     : Autowiring by type from bean name 'r2dbcManagedTypes' via factory method to bean named 'org.springframework.boot.web.reactive.context.GenericReactiveWebApplicationContext@d816dde'
2023-11-04T16:08:31.422Z DEBUG 10520 --- [           main] o.s.b.f.s.DefaultListableBeanFactory     : Creating shared instance of singleton bean 'org.springframework.boot.autoconfigure.domain.EntityScanPackages'
2023-11-04T16:08:31.427Z DEBUG 10520 --- [           main] o.s.b.f.s.DefaultListableBeanFactory     : Autowiring by type from bean name 'r2dbcMappingContext' via factory method to bean named 'r2dbcCustomConversions'
2023-11-04T16:08:31.427Z DEBUG 10520 --- [           main] o.s.b.f.s.DefaultListableBeanFactory     : Autowiring by type from bean name 'r2dbcMappingContext' via factory method to bean named 'r2dbcManagedTypes'
2023-11-04T16:08:31.447Z DEBUG 10520 --- [           main] o.s.b.f.s.DefaultListableBeanFactory     : Autowiring by type from bean name 'r2dbcConverter' via factory method to bean named 'r2dbcMappingContext'
2023-11-04T16:08:31.447Z DEBUG 10520 --- [           main] o.s.b.f.s.DefaultListableBeanFactory     : Autowiring by type from bean name 'r2dbcConverter' via factory method to bean named 'r2dbcCustomConversions'
2023-11-04T16:08:31.456Z DEBUG 10520 --- [           main] o.s.b.f.s.DefaultListableBeanFactory     : Autowiring by type from bean name 'r2dbcEntityTemplate' via factory method to bean named 'r2dbcConverter'
2023-11-04T16:08:31.484Z DEBUG 10520 --- [           main] o.s.b.f.s.DefaultListableBeanFactory     : Creating shared instance of singleton bean 'org.springframework.data.r2dbc.mapping.event.ReactiveAuditingEntityCallback'
2023-11-04T16:08:31.525Z DEBUG 10520 --- [           main] o.s.d.r.c.s.RepositoryFactorySupport     : Initializing repository instance for uc.dei.OwnerRepository…
2023-11-04T16:08:31.552Z DEBUG 10520 --- [           main] o.s.d.r.c.s.RepositoryFactorySupport     : Finished creation of repository instance for uc.dei.OwnerRepository.
2023-11-04T16:08:31.557Z DEBUG 10520 --- [           main] o.s.b.f.s.DefaultListableBeanFactory     : Creating shared instance of singleton bean 'petService'
2023-11-04T16:08:31.558Z DEBUG 10520 --- [           main] o.s.b.f.s.DefaultListableBeanFactory     : Creating shared instance of singleton bean 'petRepository'
2023-11-04T16:08:31.558Z DEBUG 10520 --- [           main] o.s.b.f.s.DefaultListableBeanFactory     : Creating shared instance of singleton bean 'r2dbc.named-queries#0'
2023-11-04T16:08:31.559Z DEBUG 10520 --- [           main] o.s.b.f.s.DefaultListableBeanFactory     : Creating shared instance of singleton bean 'r2dbc.PetRepository.fragments#0'
2023-11-04T16:08:31.566Z DEBUG 10520 --- [           main] o.s.d.r.c.s.RepositoryFactorySupport     : Initializing repository instance for uc.dei.PetRepository…
2023-11-04T16:08:31.569Z DEBUG 10520 --- [           main] o.s.d.r.c.s.RepositoryFactorySupport     : Finished creation of repository instance for uc.dei.PetRepository.
2023-11-04T16:08:31.570Z DEBUG 10520 --- [           main] o.s.b.f.s.DefaultListableBeanFactory     : Creating shared instance of singleton bean 'RESTController'
2023-11-04T16:08:31.574Z DEBUG 10520 --- [           main] o.s.b.f.s.DefaultListableBeanFactory     : Creating shared instance of singleton bean 'r2dbcAuditingHandler'
2023-11-04T16:08:31.578Z DEBUG 10520 --- [           main] o.s.b.f.s.DefaultListableBeanFactory     : Creating shared instance of singleton bean 'org.springframework.boot.autoconfigure.context.PropertyPlaceholderAutoConfiguration'
2023-11-04T16:08:31.578Z DEBUG 10520 --- [           main] o.s.b.f.s.DefaultListableBeanFactory     : Creating shared instance of singleton bean 'org.springframework.boot.autoconfigure.reactor.netty.ReactorNettyConfigurations$ReactorResourceFactoryConfiguration'
2023-11-04T16:08:31.579Z DEBUG 10520 --- [           main] o.s.b.f.s.DefaultListableBeanFactory     : Creating shared instance of singleton bean 'reactorResourceFactory'
2023-11-04T16:08:31.579Z DEBUG 10520 --- [           main] o.s.b.f.s.DefaultListableBeanFactory     : Creating shared instance of singleton bean 'spring.reactor.netty-org.springframework.boot.autoconfigure.reactor.netty.ReactorNettyProperties'
2023-11-04T16:08:31.580Z DEBUG 10520 --- [           main] o.s.b.f.s.DefaultListableBeanFactory     : Autowiring by type from bean name 'reactorResourceFactory' via factory method to bean named 'spring.reactor.netty-org.springframework.boot.autoconfigure.reactor.netty.ReactorNettyProperties'
2023-11-04T16:08:31.589Z DEBUG 10520 --- [           main] reactor.netty.tcp.TcpResources           : [http] resources will use the default LoopResources: DefaultLoopResources {prefix=reactor-http, daemon=true, selectCount=16, workerCount=16}
2023-11-04T16:08:31.589Z DEBUG 10520 --- [           main] reactor.netty.tcp.TcpResources           : [http] resources will use the default ConnectionProvider: reactor.netty.resources.DefaultPooledConnectionProvider@5b1efaaf
2023-11-04T16:08:31.590Z DEBUG 10520 --- [           main] o.s.b.f.s.DefaultListableBeanFactory     : Creating shared instance of singleton bean 'org.springframework.boot.context.properties.EnableConfigurationPropertiesRegistrar.methodValidationExcludeFilter'
2023-11-04T16:08:31.592Z DEBUG 10520 --- [           main] o.s.b.f.s.DefaultListableBeanFactory     : Creating shared instance of singleton bean 'org.springframework.boot.autoconfigure.web.reactive.ReactiveWebServerFactoryConfiguration$EmbeddedNetty'
2023-11-04T16:08:31.592Z DEBUG 10520 --- [           main] o.s.b.f.s.DefaultListableBeanFactory     : Creating shared instance of singleton bean 'nettyReactiveWebServerFactory'
2023-11-04T16:08:31.593Z DEBUG 10520 --- [           main] o.s.b.f.s.DefaultListableBeanFactory     : Autowiring by type from bean name 'nettyReactiveWebServerFactory' via factory method to bean named 'reactorResourceFactory'
2023-11-04T16:08:31.598Z DEBUG 10520 --- [           main] o.s.b.f.s.DefaultListableBeanFactory     : Creating shared instance of singleton bean 'reactiveWebServerFactoryCustomizer'
2023-11-04T16:08:31.598Z DEBUG 10520 --- [           main] o.s.b.f.s.DefaultListableBeanFactory     : Creating shared instance of singleton bean 'org.springframework.boot.autoconfigure.web.reactive.ReactiveWebServerFactoryAutoConfiguration'
2023-11-04T16:08:31.599Z DEBUG 10520 --- [           main] o.s.b.f.s.DefaultListableBeanFactory     : Creating shared instance of singleton bean 'server-org.springframework.boot.autoconfigure.web.ServerProperties'
2023-11-04T16:08:31.609Z DEBUG 10520 --- [           main] o.s.b.f.s.DefaultListableBeanFactory     : Autowiring by type from bean name 'reactiveWebServerFactoryCustomizer' via factory method to bean named 'server-org.springframework.boot.autoconfigure.web.ServerProperties'
2023-11-04T16:08:31.610Z DEBUG 10520 --- [           main] o.s.b.f.s.DefaultListableBeanFactory     : Creating shared instance of singleton bean 'sslBundleRegistry'
2023-11-04T16:08:31.611Z DEBUG 10520 --- [           main] o.s.b.f.s.DefaultListableBeanFactory     : Creating shared instance of singleton bean 'org.springframework.boot.autoconfigure.ssl.SslAutoConfiguration'
2023-11-04T16:08:31.611Z DEBUG 10520 --- [           main] o.s.b.f.s.DefaultListableBeanFactory     : Creating shared instance of singleton bean 'sslPropertiesSslBundleRegistrar'
2023-11-04T16:08:31.611Z DEBUG 10520 --- [           main] o.s.b.f.s.DefaultListableBeanFactory     : Creating shared instance of singleton bean 'spring.ssl-org.springframework.boot.autoconfigure.ssl.SslProperties'
2023-11-04T16:08:31.612Z DEBUG 10520 --- [           main] o.s.b.f.s.DefaultListableBeanFactory     : Autowiring by type from bean name 'sslPropertiesSslBundleRegistrar' via factory method to bean named 'spring.ssl-org.springframework.boot.autoconfigure.ssl.SslProperties'
2023-11-04T16:08:31.613Z DEBUG 10520 --- [           main] o.s.b.f.s.DefaultListableBeanFactory     : Autowiring by type from bean name 'sslBundleRegistry' via factory method to bean named 'sslPropertiesSslBundleRegistrar'
2023-11-04T16:08:31.617Z DEBUG 10520 --- [           main] o.s.b.f.s.DefaultListableBeanFactory     : Creating shared instance of singleton bean 'nettyWebServerFactoryCustomizer'
2023-11-04T16:08:31.617Z DEBUG 10520 --- [           main] o.s.b.f.s.DefaultListableBeanFactory     : Creating shared instance of singleton bean 'org.springframework.boot.autoconfigure.web.embedded.EmbeddedWebServerFactoryCustomizerAutoConfiguration$NettyWebServerFactoryCustomizerConfiguration'
2023-11-04T16:08:31.617Z DEBUG 10520 --- [           main] o.s.b.f.s.DefaultListableBeanFactory     : Autowiring by type from bean name 'nettyWebServerFactoryCustomizer' via factory method to bean named 'environment'
2023-11-04T16:08:31.618Z DEBUG 10520 --- [           main] o.s.b.f.s.DefaultListableBeanFactory     : Autowiring by type from bean name 'nettyWebServerFactoryCustomizer' via factory method to bean named 'server-org.springframework.boot.autoconfigure.web.ServerProperties'
2023-11-04T16:08:31.627Z DEBUG 10520 --- [           main] o.s.b.f.s.DefaultListableBeanFactory     : Creating shared instance of singleton bean 'org.springframework.boot.autoconfigure.jackson.JacksonAutoConfiguration$Jackson2ObjectMapperBuilderCustomizerConfiguration'
2023-11-04T16:08:31.628Z DEBUG 10520 --- [           main] o.s.b.f.s.DefaultListableBeanFactory     : Creating shared instance of singleton bean 'standardJacksonObjectMapperBuilderCustomizer'
2023-11-04T16:08:31.628Z DEBUG 10520 --- [           main] o.s.b.f.s.DefaultListableBeanFactory     : Creating shared instance of singleton bean 'spring.jackson-org.springframework.boot.autoconfigure.jackson.JacksonProperties'
2023-11-04T16:08:31.631Z DEBUG 10520 --- [           main] o.s.b.f.s.DefaultListableBeanFactory     : Autowiring by type from bean name 'standardJacksonObjectMapperBuilderCustomizer' via factory method to bean named 'spring.jackson-org.springframework.boot.autoconfigure.jackson.JacksonProperties'
2023-11-04T16:08:31.632Z DEBUG 10520 --- [           main] o.s.b.f.s.DefaultListableBeanFactory     : Creating shared instance of singleton bean 'parameterNamesModule'
2023-11-04T16:08:31.632Z DEBUG 10520 --- [           main] o.s.b.f.s.DefaultListableBeanFactory     : Creating shared instance of singleton bean 'org.springframework.boot.autoconfigure.jackson.JacksonAutoConfiguration$ParameterNamesModuleConfiguration'
2023-11-04T16:08:31.637Z DEBUG 10520 --- [           main] o.s.b.f.s.DefaultListableBeanFactory     : Creating shared instance of singleton bean 'jsonMixinModule'
2023-11-04T16:08:31.637Z DEBUG 10520 --- [           main] o.s.b.f.s.DefaultListableBeanFactory     : Creating shared instance of singleton bean 'org.springframework.boot.autoconfigure.jackson.JacksonAutoConfiguration$JacksonMixinConfiguration'
2023-11-04T16:08:31.638Z DEBUG 10520 --- [           main] o.s.b.f.s.DefaultListableBeanFactory     : Creating shared instance of singleton bean 'jsonMixinModuleEntries'
2023-11-04T16:08:31.638Z DEBUG 10520 --- [           main] o.s.b.f.s.DefaultListableBeanFactory     : Autowiring by type from bean name 'jsonMixinModuleEntries' via factory method to bean named 'org.springframework.boot.web.reactive.context.GenericReactiveWebApplicationContext@d816dde'
2023-11-04T16:08:31.644Z DEBUG 10520 --- [           main] o.s.b.f.s.DefaultListableBeanFactory     : Autowiring by type from bean name 'jsonMixinModule' via factory method to bean named 'org.springframework.boot.web.reactive.context.GenericReactiveWebApplicationContext@d816dde'
2023-11-04T16:08:31.644Z DEBUG 10520 --- [           main] o.s.b.f.s.DefaultListableBeanFactory     : Autowiring by type from bean name 'jsonMixinModule' via factory method to bean named 'jsonMixinModuleEntries'
2023-11-04T16:08:31.647Z DEBUG 10520 --- [           main] o.s.b.f.s.DefaultListableBeanFactory     : Creating shared instance of singleton bean 'jsonComponentModule'
2023-11-04T16:08:31.647Z DEBUG 10520 --- [           main] o.s.b.f.s.DefaultListableBeanFactory     : Creating shared instance of singleton bean 'org.springframework.boot.autoconfigure.jackson.JacksonAutoConfiguration'
2023-11-04T16:08:31.650Z DEBUG 10520 --- [           main] o.s.b.f.s.DefaultListableBeanFactory     : Creating shared instance of singleton bean 'org.springframework.boot.autoconfigure.jackson.JacksonAutoConfiguration$JacksonObjectMapperBuilderConfiguration'
2023-11-04T16:08:31.650Z DEBUG 10520 --- [           main] o.s.b.f.s.DefaultListableBeanFactory     : Creating shared instance of singleton bean 'org.springframework.boot.autoconfigure.jackson.JacksonAutoConfiguration$JacksonObjectMapperConfiguration'
2023-11-04T16:08:31.650Z DEBUG 10520 --- [           main] o.s.b.f.s.DefaultListableBeanFactory     : Creating shared instance of singleton bean 'jacksonObjectMapper'
2023-11-04T16:08:31.652Z DEBUG 10520 --- [           main] o.s.b.f.s.DefaultListableBeanFactory     : Autowiring by type from bean name 'jacksonObjectMapperBuilder' via factory method to bean named 'org.springframework.boot.web.reactive.context.GenericReactiveWebApplicationContext@d816dde'
2023-11-04T16:08:31.652Z DEBUG 10520 --- [           main] o.s.b.f.s.DefaultListableBeanFactory     : Autowiring by type from bean name 'jacksonObjectMapperBuilder' via factory method to bean named 'standardJacksonObjectMapperBuilderCustomizer'
2023-11-04T16:08:31.655Z DEBUG 10520 --- [           main] o.s.b.f.s.DefaultListableBeanFactory     : Autowiring by type from bean name 'jacksonObjectMapper' via factory method to bean named 'jacksonObjectMapperBuilder'
2023-11-04T16:08:31.678Z DEBUG 10520 --- [           main] o.s.b.f.s.DefaultListableBeanFactory     : Creating shared instance of singleton bean 'org.springframework.boot.autoconfigure.http.codec.CodecsAutoConfiguration$DefaultCodecsConfiguration'
2023-11-04T16:08:31.679Z DEBUG 10520 --- [           main] o.s.b.f.s.DefaultListableBeanFactory     : Creating shared instance of singleton bean 'defaultCodecCustomizer'
2023-11-04T16:08:31.679Z DEBUG 10520 --- [           main] o.s.b.f.s.DefaultListableBeanFactory     : Creating shared instance of singleton bean 'spring.codec-org.springframework.boot.autoconfigure.codec.CodecProperties'
2023-11-04T16:08:31.681Z DEBUG 10520 --- [           main] o.s.b.f.s.DefaultListableBeanFactory     : Autowiring by type from bean name 'defaultCodecCustomizer' via factory method to bean named 'spring.codec-org.springframework.boot.autoconfigure.codec.CodecProperties'
2023-11-04T16:08:31.682Z DEBUG 10520 --- [           main] o.s.b.f.s.DefaultListableBeanFactory     : Creating shared instance of singleton bean 'org.springframework.boot.autoconfigure.http.codec.CodecsAutoConfiguration$JacksonCodecConfiguration'
2023-11-04T16:08:31.682Z DEBUG 10520 --- [           main] o.s.b.f.s.DefaultListableBeanFactory     : Creating shared instance of singleton bean 'jacksonCodecCustomizer'
2023-11-04T16:08:31.682Z DEBUG 10520 --- [           main] o.s.b.f.s.DefaultListableBeanFactory     : Autowiring by type from bean name 'jacksonCodecCustomizer' via factory method to bean named 'jacksonObjectMapper'
2023-11-04T16:08:31.683Z DEBUG 10520 --- [           main] o.s.b.f.s.DefaultListableBeanFactory     : Creating shared instance of singleton bean 'org.springframework.boot.autoconfigure.http.codec.CodecsAutoConfiguration'
2023-11-04T16:08:31.691Z DEBUG 10520 --- [           main] o.s.b.f.s.DefaultListableBeanFactory     : Creating shared instance of singleton bean 'org.springframework.boot.autoconfigure.web.reactive.ReactiveMultipartAutoConfiguration'
2023-11-04T16:08:31.692Z DEBUG 10520 --- [           main] o.s.b.f.s.DefaultListableBeanFactory     : Creating shared instance of singleton bean 'defaultPartHttpMessageReaderCustomizer'
2023-11-04T16:08:31.692Z DEBUG 10520 --- [           main] o.s.b.f.s.DefaultListableBeanFactory     : Creating shared instance of singleton bean 'spring.webflux.multipart-org.springframework.boot.autoconfigure.web.reactive.ReactiveMultipartProperties'
2023-11-04T16:08:31.693Z DEBUG 10520 --- [           main] o.s.b.f.s.DefaultListableBeanFactory     : Autowiring by type from bean name 'defaultPartHttpMessageReaderCustomizer' via factory method to bean named 'spring.webflux.multipart-org.springframework.boot.autoconfigure.web.reactive.ReactiveMultipartProperties'
2023-11-04T16:08:31.694Z DEBUG 10520 --- [           main] o.s.b.f.s.DefaultListableBeanFactory     : Creating shared instance of singleton bean 'org.springframework.boot.autoconfigure.web.reactive.WebSessionIdResolverAutoConfiguration'
2023-11-04T16:08:31.695Z DEBUG 10520 --- [           main] o.s.b.f.s.DefaultListableBeanFactory     : Creating shared instance of singleton bean 'spring.webflux-org.springframework.boot.autoconfigure.web.reactive.WebFluxProperties'
2023-11-04T16:08:31.696Z DEBUG 10520 --- [           main] o.s.b.f.s.DefaultListableBeanFactory     : Autowiring by type from bean name 'org.springframework.boot.autoconfigure.web.reactive.WebSessionIdResolverAutoConfiguration' via constructor to bean named 'server-org.springframework.boot.autoconfigure.web.ServerProperties'
2023-11-04T16:08:31.696Z DEBUG 10520 --- [           main] o.s.b.f.s.DefaultListableBeanFactory     : Autowiring by type from bean name 'org.springframework.boot.autoconfigure.web.reactive.WebSessionIdResolverAutoConfiguration' via constructor to bean named 'spring.webflux-org.springframework.boot.autoconfigure.web.reactive.WebFluxProperties'
2023-11-04T16:08:31.696Z DEBUG 10520 --- [           main] o.s.b.f.s.DefaultListableBeanFactory     : Creating shared instance of singleton bean 'webSessionIdResolver'
2023-11-04T16:08:31.703Z DEBUG 10520 --- [           main] o.s.b.f.s.DefaultListableBeanFactory     : Creating shared instance of singleton bean 'org.springframework.boot.autoconfigure.web.reactive.error.ErrorWebFluxAutoConfiguration'
2023-11-04T16:08:31.703Z DEBUG 10520 --- [           main] o.s.b.f.s.DefaultListableBeanFactory     : Autowiring by type from bean name 'org.springframework.boot.autoconfigure.web.reactive.error.ErrorWebFluxAutoConfiguration' via constructor to bean named 'server-org.springframework.boot.autoconfigure.web.ServerProperties'
2023-11-04T16:08:31.704Z DEBUG 10520 --- [           main] o.s.b.f.s.DefaultListableBeanFactory     : Creating shared instance of singleton bean 'errorWebExceptionHandler'
2023-11-04T16:08:31.705Z DEBUG 10520 --- [           main] o.s.b.f.s.DefaultListableBeanFactory     : Creating shared instance of singleton bean 'errorAttributes'
2023-11-04T16:08:31.710Z DEBUG 10520 --- [           main] o.s.b.f.s.DefaultListableBeanFactory     : Creating shared instance of singleton bean 'spring.web-org.springframework.boot.autoconfigure.web.WebProperties'
2023-11-04T16:08:31.714Z DEBUG 10520 --- [           main] o.s.b.f.s.DefaultListableBeanFactory     : Creating shared instance of singleton bean 'serverCodecConfigurer'
2023-11-04T16:08:31.715Z DEBUG 10520 --- [           main] o.s.b.f.s.DefaultListableBeanFactory     : Creating shared instance of singleton bean 'org.springframework.boot.autoconfigure.web.reactive.WebFluxAutoConfiguration$EnableWebFluxConfiguration'
2023-11-04T16:08:31.715Z DEBUG 10520 --- [           main] o.s.b.f.s.DefaultListableBeanFactory     : Autowiring by type from bean name 'org.springframework.boot.autoconfigure.web.reactive.WebFluxAutoConfiguration$EnableWebFluxConfiguration' via constructor to bean named 'spring.webflux-org.springframework.boot.autoconfigure.web.reactive.WebFluxProperties'
2023-11-04T16:08:31.715Z DEBUG 10520 --- [           main] o.s.b.f.s.DefaultListableBeanFactory     : Autowiring by type from bean name 'org.springframework.boot.autoconfigure.web.reactive.WebFluxAutoConfiguration$EnableWebFluxConfiguration' via constructor to bean named 'spring.web-org.springframework.boot.autoconfigure.web.WebProperties'
2023-11-04T16:08:31.715Z DEBUG 10520 --- [           main] o.s.b.f.s.DefaultListableBeanFactory     : Autowiring by type from bean name 'org.springframework.boot.autoconfigure.web.reactive.WebFluxAutoConfiguration$EnableWebFluxConfiguration' via constructor to bean named 'server-org.springframework.boot.autoconfigure.web.ServerProperties'
2023-11-04T16:08:31.718Z DEBUG 10520 --- [           main] o.s.b.f.s.DefaultListableBeanFactory     : Creating shared instance of singleton bean 'org.springframework.boot.autoconfigure.web.reactive.WebFluxAutoConfiguration$WebFluxConfig'
2023-11-04T16:08:31.721Z DEBUG 10520 --- [           main] o.s.b.f.s.DefaultListableBeanFactory     : Autowiring by type from bean name 'org.springframework.boot.autoconfigure.web.reactive.WebFluxAutoConfiguration$WebFluxConfig' via constructor to bean named 'spring.web-org.springframework.boot.autoconfigure.web.WebProperties'
2023-11-04T16:08:31.721Z DEBUG 10520 --- [           main] o.s.b.f.s.DefaultListableBeanFactory     : Autowiring by type from bean name 'org.springframework.boot.autoconfigure.web.reactive.WebFluxAutoConfiguration$WebFluxConfig' via constructor to bean named 'spring.webflux-org.springframework.boot.autoconfigure.web.reactive.WebFluxProperties'
2023-11-04T16:08:31.721Z DEBUG 10520 --- [           main] o.s.b.f.s.DefaultListableBeanFactory     : Autowiring by type from bean name 'org.springframework.boot.autoconfigure.web.reactive.WebFluxAutoConfiguration$WebFluxConfig' via constructor to bean named 'org.springframework.beans.factory.support.DefaultListableBeanFactory@6c000e0c'
2023-11-04T16:08:31.799Z DEBUG 10520 --- [           main] o.s.b.f.s.DefaultListableBeanFactory     : Autowiring by type from bean name 'errorWebExceptionHandler' via factory method to bean named 'errorAttributes'
2023-11-04T16:08:31.799Z DEBUG 10520 --- [           main] o.s.b.f.s.DefaultListableBeanFactory     : Autowiring by type from bean name 'errorWebExceptionHandler' via factory method to bean named 'spring.web-org.springframework.boot.autoconfigure.web.WebProperties'
2023-11-04T16:08:31.799Z DEBUG 10520 --- [           main] o.s.b.f.s.DefaultListableBeanFactory     : Autowiring by type from bean name 'errorWebExceptionHandler' via factory method to bean named 'serverCodecConfigurer'
2023-11-04T16:08:31.799Z DEBUG 10520 --- [           main] o.s.b.f.s.DefaultListableBeanFactory     : Autowiring by type from bean name 'errorWebExceptionHandler' via factory method to bean named 'org.springframework.boot.web.reactive.context.GenericReactiveWebApplicationContext@d816dde'
2023-11-04T16:08:31.817Z DEBUG 10520 --- [           main] o.s.b.f.s.DefaultListableBeanFactory     : Creating shared instance of singleton bean 'webFluxConversionService'
2023-11-04T16:08:31.821Z DEBUG 10520 --- [           main] o.s.b.f.s.DefaultListableBeanFactory     : Creating shared instance of singleton bean 'webFluxValidator'
2023-11-04T16:08:31.825Z DEBUG 10520 --- [           main] o.s.b.f.s.DefaultListableBeanFactory     : Creating shared instance of singleton bean 'localeContextResolver'
2023-11-04T16:08:31.827Z DEBUG 10520 --- [           main] o.s.b.f.s.DefaultListableBeanFactory     : Creating shared instance of singleton bean 'webSessionManager'
2023-11-04T16:08:31.835Z DEBUG 10520 --- [           main] o.s.b.f.s.DefaultListableBeanFactory     : Creating shared instance of singleton bean 'webHandler'
2023-11-04T16:08:31.838Z DEBUG 10520 --- [           main] o.s.b.f.s.DefaultListableBeanFactory     : Creating shared instance of singleton bean 'requestMappingHandlerMapping'
2023-11-04T16:08:31.841Z DEBUG 10520 --- [           main] o.s.b.f.s.DefaultListableBeanFactory     : Creating shared instance of singleton bean 'webFluxContentTypeResolver'
2023-11-04T16:08:31.843Z DEBUG 10520 --- [           main] o.s.b.f.s.DefaultListableBeanFactory     : Autowiring by type from bean name 'requestMappingHandlerMapping' via factory method to bean named 'webFluxContentTypeResolver'
2023-11-04T16:08:31.919Z DEBUG 10520 --- [           main] _.s.w.reactive.HandlerMapping.Mappings   : 
	u.d.RESTController:
	{GET /api/getOwner}: getOwner()
	{POST /api/addOwner}: addOwner(Owner)
2023-11-04T16:08:31.926Z DEBUG 10520 --- [           main] s.w.r.r.m.a.RequestMappingHandlerMapping : 2 mappings in 'requestMappingHandlerMapping'
2023-11-04T16:08:31.927Z DEBUG 10520 --- [           main] o.s.b.f.s.DefaultListableBeanFactory     : Creating shared instance of singleton bean 'routerFunctionMapping'
2023-11-04T16:08:31.928Z DEBUG 10520 --- [           main] o.s.b.f.s.DefaultListableBeanFactory     : Autowiring by type from bean name 'routerFunctionMapping' via factory method to bean named 'serverCodecConfigurer'
2023-11-04T16:08:31.930Z DEBUG 10520 --- [           main] o.s.b.f.s.DefaultListableBeanFactory     : Creating shared instance of singleton bean 'resourceHandlerMapping'
2023-11-04T16:08:31.931Z DEBUG 10520 --- [           main] o.s.b.f.s.DefaultListableBeanFactory     : Creating shared instance of singleton bean 'resourceUrlProvider'
2023-11-04T16:08:31.939Z DEBUG 10520 --- [           main] o.s.b.f.s.DefaultListableBeanFactory     : Autowiring by type from bean name 'resourceHandlerMapping' via factory method to bean named 'resourceUrlProvider'
2023-11-04T16:08:31.955Z DEBUG 10520 --- [           main] _.s.w.reactive.HandlerMapping.Mappings   : 'resourceHandlerMapping' {/webjars/**=ResourceWebHandler [classpath [META-INF/resources/webjars/]], /**=ResourceWebHandler [classpath [META-INF/resources/], classpath [resources/], classpath [static/], classpath [public/]]}
2023-11-04T16:08:31.955Z DEBUG 10520 --- [           main] o.s.b.f.s.DefaultListableBeanFactory     : Creating shared instance of singleton bean 'welcomePageRouterFunctionMapping'
2023-11-04T16:08:31.956Z DEBUG 10520 --- [           main] o.s.b.f.s.DefaultListableBeanFactory     : Creating shared instance of singleton bean 'org.springframework.boot.autoconfigure.web.reactive.WebFluxAutoConfiguration$WelcomePageConfiguration'
2023-11-04T16:08:31.956Z DEBUG 10520 --- [           main] o.s.b.f.s.DefaultListableBeanFactory     : Autowiring by type from bean name 'welcomePageRouterFunctionMapping' via factory method to bean named 'org.springframework.boot.web.reactive.context.GenericReactiveWebApplicationContext@d816dde'
2023-11-04T16:08:31.956Z DEBUG 10520 --- [           main] o.s.b.f.s.DefaultListableBeanFactory     : Autowiring by type from bean name 'welcomePageRouterFunctionMapping' via factory method to bean named 'spring.webflux-org.springframework.boot.autoconfigure.web.reactive.WebFluxProperties'
2023-11-04T16:08:31.956Z DEBUG 10520 --- [           main] o.s.b.f.s.DefaultListableBeanFactory     : Autowiring by type from bean name 'welcomePageRouterFunctionMapping' via factory method to bean named 'spring.web-org.springframework.boot.autoconfigure.web.WebProperties'
2023-11-04T16:08:31.966Z DEBUG 10520 --- [           main] o.s.b.f.s.DefaultListableBeanFactory     : Creating shared instance of singleton bean 'requestMappingHandlerAdapter'
2023-11-04T16:08:31.967Z DEBUG 10520 --- [           main] o.s.b.f.s.DefaultListableBeanFactory     : Creating shared instance of singleton bean 'webFluxAdapterRegistry'
2023-11-04T16:08:31.970Z DEBUG 10520 --- [           main] o.s.b.f.s.DefaultListableBeanFactory     : Autowiring by type from bean name 'requestMappingHandlerAdapter' via factory method to bean named 'webFluxAdapterRegistry'
2023-11-04T16:08:31.970Z DEBUG 10520 --- [           main] o.s.b.f.s.DefaultListableBeanFactory     : Autowiring by type from bean name 'requestMappingHandlerAdapter' via factory method to bean named 'serverCodecConfigurer'
2023-11-04T16:08:31.970Z DEBUG 10520 --- [           main] o.s.b.f.s.DefaultListableBeanFactory     : Autowiring by type from bean name 'requestMappingHandlerAdapter' via factory method to bean named 'webFluxConversionService'
2023-11-04T16:08:31.970Z DEBUG 10520 --- [           main] o.s.b.f.s.DefaultListableBeanFactory     : Autowiring by type from bean name 'requestMappingHandlerAdapter' via factory method to bean named 'webFluxValidator'
2023-11-04T16:08:32.008Z DEBUG 10520 --- [           main] o.s.w.r.r.m.a.ControllerMethodResolver   : ControllerAdvice beans: none
2023-11-04T16:08:32.009Z DEBUG 10520 --- [           main] o.s.b.f.s.DefaultListableBeanFactory     : Creating shared instance of singleton bean 'handlerFunctionAdapter'
2023-11-04T16:08:32.011Z DEBUG 10520 --- [           main] o.s.b.f.s.DefaultListableBeanFactory     : Creating shared instance of singleton bean 'simpleHandlerAdapter'
2023-11-04T16:08:32.013Z DEBUG 10520 --- [           main] o.s.b.f.s.DefaultListableBeanFactory     : Creating shared instance of singleton bean 'webFluxWebSocketHandlerAdapter'
2023-11-04T16:08:32.029Z DEBUG 10520 --- [           main] o.s.b.f.s.DefaultListableBeanFactory     : Creating shared instance of singleton bean 'responseEntityResultHandler'
2023-11-04T16:08:32.030Z DEBUG 10520 --- [           main] o.s.b.f.s.DefaultListableBeanFactory     : Autowiring by type from bean name 'responseEntityResultHandler' via factory method to bean named 'webFluxAdapterRegistry'
2023-11-04T16:08:32.030Z DEBUG 10520 --- [           main] o.s.b.f.s.DefaultListableBeanFactory     : Autowiring by type from bean name 'responseEntityResultHandler' via factory method to bean named 'serverCodecConfigurer'
2023-11-04T16:08:32.030Z DEBUG 10520 --- [           main] o.s.b.f.s.DefaultListableBeanFactory     : Autowiring by type from bean name 'responseEntityResultHandler' via factory method to bean named 'webFluxContentTypeResolver'
2023-11-04T16:08:32.034Z DEBUG 10520 --- [           main] o.s.b.f.s.DefaultListableBeanFactory     : Creating shared instance of singleton bean 'responseBodyResultHandler'
2023-11-04T16:08:32.035Z DEBUG 10520 --- [           main] o.s.b.f.s.DefaultListableBeanFactory     : Autowiring by type from bean name 'responseBodyResultHandler' via factory method to bean named 'webFluxAdapterRegistry'
2023-11-04T16:08:32.035Z DEBUG 10520 --- [           main] o.s.b.f.s.DefaultListableBeanFactory     : Autowiring by type from bean name 'responseBodyResultHandler' via factory method to bean named 'serverCodecConfigurer'
2023-11-04T16:08:32.035Z DEBUG 10520 --- [           main] o.s.b.f.s.DefaultListableBeanFactory     : Autowiring by type from bean name 'responseBodyResultHandler' via factory method to bean named 'webFluxContentTypeResolver'
2023-11-04T16:08:32.036Z DEBUG 10520 --- [           main] o.s.b.f.s.DefaultListableBeanFactory     : Creating shared instance of singleton bean 'viewResolutionResultHandler'
2023-11-04T16:08:32.037Z DEBUG 10520 --- [           main] o.s.b.f.s.DefaultListableBeanFactory     : Autowiring by type from bean name 'viewResolutionResultHandler' via factory method to bean named 'webFluxAdapterRegistry'
2023-11-04T16:08:32.037Z DEBUG 10520 --- [           main] o.s.b.f.s.DefaultListableBeanFactory     : Autowiring by type from bean name 'viewResolutionResultHandler' via factory method to bean named 'webFluxContentTypeResolver'
2023-11-04T16:08:32.042Z DEBUG 10520 --- [           main] o.s.b.f.s.DefaultListableBeanFactory     : Creating shared instance of singleton bean 'serverResponseResultHandler'
2023-11-04T16:08:32.043Z DEBUG 10520 --- [           main] o.s.b.f.s.DefaultListableBeanFactory     : Autowiring by type from bean name 'serverResponseResultHandler' via factory method to bean named 'serverCodecConfigurer'
2023-11-04T16:08:32.044Z DEBUG 10520 --- [           main] o.s.b.f.s.DefaultListableBeanFactory     : Creating shared instance of singleton bean 'responseStatusExceptionHandler'
2023-11-04T16:08:32.047Z DEBUG 10520 --- [           main] o.s.b.f.s.DefaultListableBeanFactory     : Creating shared instance of singleton bean 'org.springframework.boot.autoconfigure.web.reactive.WebFluxAutoConfiguration'
2023-11-04T16:08:32.051Z DEBUG 10520 --- [           main] o.s.b.f.s.DefaultListableBeanFactory     : Creating shared instance of singleton bean 'org.springframework.boot.autoconfigure.web.reactive.HttpHandlerAutoConfiguration$AnnotationConfig'
2023-11-04T16:08:32.053Z DEBUG 10520 --- [           main] o.s.b.f.s.DefaultListableBeanFactory     : Autowiring by type from bean name 'org.springframework.boot.autoconfigure.web.reactive.HttpHandlerAutoConfiguration$AnnotationConfig' via constructor to bean named 'org.springframework.boot.web.reactive.context.GenericReactiveWebApplicationContext@d816dde'
2023-11-04T16:08:32.053Z DEBUG 10520 --- [           main] o.s.b.f.s.DefaultListableBeanFactory     : Creating shared instance of singleton bean 'httpHandler'
2023-11-04T16:08:32.070Z DEBUG 10520 --- [           main] o.s.w.s.adapter.HttpWebHandlerAdapter    : enableLoggingRequestDetails='false': form data and headers will be masked to prevent unsafe logging of potentially sensitive data
2023-11-04T16:08:32.073Z DEBUG 10520 --- [           main] o.s.b.f.s.DefaultListableBeanFactory     : Creating shared instance of singleton bean 'org.springframework.boot.autoconfigure.web.reactive.HttpHandlerAutoConfiguration'
2023-11-04T16:08:32.074Z DEBUG 10520 --- [           main] o.s.b.f.s.DefaultListableBeanFactory     : Creating shared instance of singleton bean 'org.springframework.boot.autoconfigure.aop.AopAutoConfiguration$ClassProxyingConfiguration'
2023-11-04T16:08:32.075Z DEBUG 10520 --- [           main] o.s.b.f.s.DefaultListableBeanFactory     : Creating shared instance of singleton bean 'org.springframework.boot.autoconfigure.aop.AopAutoConfiguration'
2023-11-04T16:08:32.076Z DEBUG 10520 --- [           main] o.s.b.f.s.DefaultListableBeanFactory     : Creating shared instance of singleton bean 'org.springframework.boot.autoconfigure.availability.ApplicationAvailabilityAutoConfiguration'
2023-11-04T16:08:32.077Z DEBUG 10520 --- [           main] o.s.b.f.s.DefaultListableBeanFactory     : Creating shared instance of singleton bean 'applicationAvailability'
2023-11-04T16:08:32.080Z DEBUG 10520 --- [           main] o.s.b.f.s.DefaultListableBeanFactory     : Creating shared instance of singleton bean 'org.springframework.boot.autoconfigure.r2dbc.ConnectionFactoryConfigurations$PoolConfiguration'
2023-11-04T16:08:32.080Z DEBUG 10520 --- [           main] o.s.b.f.s.DefaultListableBeanFactory     : Creating shared instance of singleton bean 'org.springframework.boot.autoconfigure.context.ConfigurationPropertiesAutoConfiguration'
2023-11-04T16:08:32.081Z DEBUG 10520 --- [           main] o.s.b.f.s.DefaultListableBeanFactory     : Creating shared instance of singleton bean 'org.springframework.boot.autoconfigure.context.LifecycleAutoConfiguration'
2023-11-04T16:08:32.082Z DEBUG 10520 --- [           main] o.s.b.f.s.DefaultListableBeanFactory     : Creating shared instance of singleton bean 'lifecycleProcessor'
2023-11-04T16:08:32.083Z DEBUG 10520 --- [           main] o.s.b.f.s.DefaultListableBeanFactory     : Creating shared instance of singleton bean 'spring.lifecycle-org.springframework.boot.autoconfigure.context.LifecycleProperties'
2023-11-04T16:08:32.085Z DEBUG 10520 --- [           main] o.s.b.f.s.DefaultListableBeanFactory     : Autowiring by type from bean name 'lifecycleProcessor' via factory method to bean named 'spring.lifecycle-org.springframework.boot.autoconfigure.context.LifecycleProperties'
2023-11-04T16:08:32.088Z DEBUG 10520 --- [           main] o.s.b.f.s.DefaultListableBeanFactory     : Creating shared instance of singleton bean 'org.springframework.boot.autoconfigure.dao.PersistenceExceptionTranslationAutoConfiguration'
2023-11-04T16:08:32.089Z DEBUG 10520 --- [           main] o.s.b.f.s.DefaultListableBeanFactory     : Creating shared instance of singleton bean 'org.springframework.boot.autoconfigure.data.r2dbc.R2dbcRepositoriesAutoConfiguration'
2023-11-04T16:08:32.090Z DEBUG 10520 --- [           main] o.s.b.f.s.DefaultListableBeanFactory     : Creating shared instance of singleton bean 'data-r2dbc.repository-aot-processor#0'
2023-11-04T16:08:32.094Z DEBUG 10520 --- [           main] o.s.b.f.s.DefaultListableBeanFactory     : Creating shared instance of singleton bean 'org.springframework.boot.autoconfigure.info.ProjectInfoAutoConfiguration'
2023-11-04T16:08:32.099Z DEBUG 10520 --- [           main] o.s.b.f.s.DefaultListableBeanFactory     : Creating shared instance of singleton bean 'spring.info-org.springframework.boot.autoconfigure.info.ProjectInfoProperties'
2023-11-04T16:08:32.101Z DEBUG 10520 --- [           main] o.s.b.f.s.DefaultListableBeanFactory     : Autowiring by type from bean name 'org.springframework.boot.autoconfigure.info.ProjectInfoAutoConfiguration' via constructor to bean named 'spring.info-org.springframework.boot.autoconfigure.info.ProjectInfoProperties'
2023-11-04T16:08:32.102Z DEBUG 10520 --- [           main] o.s.b.f.s.DefaultListableBeanFactory     : Creating shared instance of singleton bean 'org.springframework.boot.autoconfigure.netty.NettyAutoConfiguration'
2023-11-04T16:08:32.103Z DEBUG 10520 --- [           main] o.s.b.f.s.DefaultListableBeanFactory     : Creating shared instance of singleton bean 'spring.netty-org.springframework.boot.autoconfigure.netty.NettyProperties'
2023-11-04T16:08:32.106Z DEBUG 10520 --- [           main] o.s.b.f.s.DefaultListableBeanFactory     : Autowiring by type from bean name 'org.springframework.boot.autoconfigure.netty.NettyAutoConfiguration' via constructor to bean named 'spring.netty-org.springframework.boot.autoconfigure.netty.NettyProperties'
2023-11-04T16:08:32.107Z DEBUG 10520 --- [           main] o.s.b.f.s.DefaultListableBeanFactory     : Creating shared instance of singleton bean 'org.springframework.boot.autoconfigure.sql.init.R2dbcInitializationConfiguration'
2023-11-04T16:08:32.107Z DEBUG 10520 --- [           main] o.s.b.f.s.DefaultListableBeanFactory     : Creating shared instance of singleton bean 'r2dbcScriptDatabaseInitializer'
2023-11-04T16:08:32.108Z DEBUG 10520 --- [           main] o.s.b.f.s.DefaultListableBeanFactory     : Creating shared instance of singleton bean 'spring.sql.init-org.springframework.boot.autoconfigure.sql.init.SqlInitializationProperties'
2023-11-04T16:08:32.113Z DEBUG 10520 --- [           main] o.s.b.f.s.DefaultListableBeanFactory     : Autowiring by type from bean name 'r2dbcScriptDatabaseInitializer' via factory method to bean named 'connectionFactory'
2023-11-04T16:08:32.114Z DEBUG 10520 --- [           main] o.s.b.f.s.DefaultListableBeanFactory     : Autowiring by type from bean name 'r2dbcScriptDatabaseInitializer' via factory method to bean named 'spring.sql.init-org.springframework.boot.autoconfigure.sql.init.SqlInitializationProperties'
2023-11-04T16:08:32.122Z DEBUG 10520 --- [           main] o.s.b.f.s.DefaultListableBeanFactory     : Creating shared instance of singleton bean 'org.springframework.boot.autoconfigure.sql.init.SqlInitializationAutoConfiguration'
2023-11-04T16:08:32.123Z DEBUG 10520 --- [           main] o.s.b.f.s.DefaultListableBeanFactory     : Creating shared instance of singleton bean 'org.springframework.boot.autoconfigure.task.TaskExecutionAutoConfiguration'
2023-11-04T16:08:32.124Z DEBUG 10520 --- [           main] o.s.b.f.s.DefaultListableBeanFactory     : Creating shared instance of singleton bean 'taskExecutorBuilder'
2023-11-04T16:08:32.125Z DEBUG 10520 --- [           main] o.s.b.f.s.DefaultListableBeanFactory     : Creating shared instance of singleton bean 'spring.task.execution-org.springframework.boot.autoconfigure.task.TaskExecutionProperties'
2023-11-04T16:08:32.127Z DEBUG 10520 --- [           main] o.s.b.f.s.DefaultListableBeanFactory     : Autowiring by type from bean name 'taskExecutorBuilder' via factory method to bean named 'spring.task.execution-org.springframework.boot.autoconfigure.task.TaskExecutionProperties'
2023-11-04T16:08:32.131Z DEBUG 10520 --- [           main] o.s.b.f.s.DefaultListableBeanFactory     : Creating shared instance of singleton bean 'org.springframework.boot.autoconfigure.task.TaskSchedulingAutoConfiguration'
2023-11-04T16:08:32.132Z DEBUG 10520 --- [           main] o.s.b.f.s.DefaultListableBeanFactory     : Creating shared instance of singleton bean 'taskSchedulerBuilder'
2023-11-04T16:08:32.134Z DEBUG 10520 --- [           main] o.s.b.f.s.DefaultListableBeanFactory     : Creating shared instance of singleton bean 'spring.task.scheduling-org.springframework.boot.autoconfigure.task.TaskSchedulingProperties'
2023-11-04T16:08:32.136Z DEBUG 10520 --- [           main] o.s.b.f.s.DefaultListableBeanFactory     : Autowiring by type from bean name 'taskSchedulerBuilder' via factory method to bean named 'spring.task.scheduling-org.springframework.boot.autoconfigure.task.TaskSchedulingProperties'
2023-11-04T16:08:32.139Z DEBUG 10520 --- [           main] o.s.b.f.s.DefaultListableBeanFactory     : Creating shared instance of singleton bean 'org.springframework.boot.autoconfigure.r2dbc.R2dbcTransactionManagerAutoConfiguration'
2023-11-04T16:08:32.140Z DEBUG 10520 --- [           main] o.s.b.f.s.DefaultListableBeanFactory     : Creating shared instance of singleton bean 'connectionFactoryTransactionManager'
2023-11-04T16:08:32.140Z DEBUG 10520 --- [           main] o.s.b.f.s.DefaultListableBeanFactory     : Autowiring by type from bean name 'connectionFactoryTransactionManager' via factory method to bean named 'connectionFactory'
2023-11-04T16:08:32.148Z DEBUG 10520 --- [           main] o.s.b.f.s.DefaultListableBeanFactory     : Creating shared instance of singleton bean 'org.springframework.boot.autoconfigure.jdbc.DataSourceTransactionManagerAutoConfiguration'
2023-11-04T16:08:32.149Z DEBUG 10520 --- [           main] o.s.b.f.s.DefaultListableBeanFactory     : Creating shared instance of singleton bean 'spring.datasource-org.springframework.boot.autoconfigure.jdbc.DataSourceProperties'
2023-11-04T16:08:32.154Z DEBUG 10520 --- [           main] o.s.b.f.s.DefaultListableBeanFactory     : Creating shared instance of singleton bean 'org.springframework.boot.autoconfigure.transaction.TransactionAutoConfiguration$EnableTransactionManagementConfiguration$CglibAutoProxyConfiguration'
2023-11-04T16:08:32.155Z DEBUG 10520 --- [           main] o.s.b.f.s.DefaultListableBeanFactory     : Creating shared instance of singleton bean 'org.springframework.boot.autoconfigure.transaction.TransactionAutoConfiguration$EnableTransactionManagementConfiguration'
2023-11-04T16:08:32.156Z DEBUG 10520 --- [           main] o.s.b.f.s.DefaultListableBeanFactory     : Creating shared instance of singleton bean 'org.springframework.boot.autoconfigure.transaction.TransactionAutoConfiguration'
2023-11-04T16:08:32.156Z DEBUG 10520 --- [           main] o.s.b.f.s.DefaultListableBeanFactory     : Creating shared instance of singleton bean 'platformTransactionManagerCustomizers'
2023-11-04T16:08:32.158Z DEBUG 10520 --- [           main] o.s.b.f.s.DefaultListableBeanFactory     : Creating shared instance of singleton bean 'spring.transaction-org.springframework.boot.autoconfigure.transaction.TransactionProperties'
2023-11-04T16:08:32.163Z DEBUG 10520 --- [           main] o.s.b.f.s.DefaultListableBeanFactory     : Creating shared instance of singleton bean 'transactionalOperator'
2023-11-04T16:08:32.163Z DEBUG 10520 --- [           main] o.s.b.f.s.DefaultListableBeanFactory     : Autowiring by type from bean name 'transactionalOperator' via factory method to bean named 'connectionFactoryTransactionManager'
2023-11-04T16:08:32.167Z DEBUG 10520 --- [           main] o.s.b.f.s.DefaultListableBeanFactory     : Creating shared instance of singleton bean 'org.springframework.boot.autoconfigure.web.embedded.EmbeddedWebServerFactoryCustomizerAutoConfiguration'
2023-11-04T16:08:32.168Z DEBUG 10520 --- [           main] o.s.b.f.s.DefaultListableBeanFactory     : Creating shared instance of singleton bean 'org.springframework.boot.autoconfigure.web.reactive.function.client.ClientHttpConnectorFactoryConfiguration$ReactorNetty'
2023-11-04T16:08:32.168Z DEBUG 10520 --- [           main] o.s.b.f.s.DefaultListableBeanFactory     : Creating shared instance of singleton bean 'reactorClientHttpConnectorFactory'
2023-11-04T16:08:32.170Z DEBUG 10520 --- [           main] o.s.b.f.s.DefaultListableBeanFactory     : Autowiring by type from bean name 'reactorClientHttpConnectorFactory' via factory method to bean named 'reactorResourceFactory'
2023-11-04T16:08:32.172Z DEBUG 10520 --- [           main] o.s.b.f.s.DefaultListableBeanFactory     : Creating shared instance of singleton bean 'org.springframework.boot.autoconfigure.web.reactive.function.client.ClientHttpConnectorAutoConfiguration'
2023-11-04T16:08:32.174Z DEBUG 10520 --- [           main] o.s.b.f.s.DefaultListableBeanFactory     : Creating shared instance of singleton bean 'org.springframework.boot.autoconfigure.web.reactive.function.client.WebClientAutoConfiguration$WebClientCodecsConfiguration'
2023-11-04T16:08:32.174Z DEBUG 10520 --- [           main] o.s.b.f.s.DefaultListableBeanFactory     : Creating shared instance of singleton bean 'exchangeStrategiesCustomizer'
2023-11-04T16:08:32.175Z DEBUG 10520 --- [           main] o.s.b.f.s.DefaultListableBeanFactory     : Creating shared instance of singleton bean 'org.springframework.boot.autoconfigure.web.reactive.function.client.WebClientAutoConfiguration'
2023-11-04T16:08:32.176Z DEBUG 10520 --- [           main] o.s.b.f.s.DefaultListableBeanFactory     : Creating shared instance of singleton bean 'webClientSsl'
2023-11-04T16:08:32.176Z DEBUG 10520 --- [           main] o.s.b.f.s.DefaultListableBeanFactory     : Autowiring by type from bean name 'webClientSsl' via factory method to bean named 'reactorClientHttpConnectorFactory'
2023-11-04T16:08:32.177Z DEBUG 10520 --- [           main] o.s.b.f.s.DefaultListableBeanFactory     : Autowiring by type from bean name 'webClientSsl' via factory method to bean named 'sslBundleRegistry'
2023-11-04T16:08:32.186Z DEBUG 10520 --- [           main] o.s.c.support.DefaultLifecycleProcessor  : Starting beans in phase -2147483647
2023-11-04T16:08:32.187Z DEBUG 10520 --- [           main] o.s.c.support.DefaultLifecycleProcessor  : Successfully started bean 'springBootLoggingLifecycle'
2023-11-04T16:08:32.204Z DEBUG 10520 --- [           main] .s.b.a.l.ConditionEvaluationReportLogger : 


============================
CONDITIONS EVALUATION REPORT
============================


Positive matches:
-----------------

   AopAutoConfiguration matched:
      - @ConditionalOnProperty (spring.aop.auto=true) matched (OnPropertyCondition)

   AopAutoConfiguration.ClassProxyingConfiguration matched:
      - @ConditionalOnMissingClass did not find unwanted class 'org.aspectj.weaver.Advice' (OnClassCondition)
      - @ConditionalOnProperty (spring.aop.proxy-target-class=true) matched (OnPropertyCondition)

   ApplicationAvailabilityAutoConfiguration#applicationAvailability matched:
      - @ConditionalOnMissingBean (types: org.springframework.boot.availability.ApplicationAvailability; SearchStrategy: all) did not find any beans (OnBeanCondition)

   ClientHttpConnectorAutoConfiguration matched:
      - @ConditionalOnClass found required class 'org.springframework.web.reactive.function.client.WebClient' (OnClassCondition)

   ClientHttpConnectorAutoConfiguration#webClientHttpConnector matched:
      - @ConditionalOnMissingBean (types: org.springframework.http.client.reactive.ClientHttpConnector; SearchStrategy: all) did not find any beans (OnBeanCondition)

   ClientHttpConnectorAutoConfiguration#webClientHttpConnectorCustomizer matched:
      - @ConditionalOnBean (types: org.springframework.http.client.reactive.ClientHttpConnector; SearchStrategy: all) found bean 'webClientHttpConnector' (OnBeanCondition)

   ClientHttpConnectorFactoryConfiguration.ReactorNetty matched:
      - @ConditionalOnClass found required class 'reactor.netty.http.client.HttpClient' (OnClassCondition)
      - @ConditionalOnMissingBean (types: org.springframework.boot.autoconfigure.web.reactive.function.client.ClientHttpConnectorFactory; SearchStrategy: all) did not find any beans (OnBeanCondition)

   CodecsAutoConfiguration matched:
      - @ConditionalOnClass found required classes 'org.springframework.http.codec.CodecConfigurer', 'org.springframework.web.reactive.function.client.WebClient' (OnClassCondition)

   CodecsAutoConfiguration.JacksonCodecConfiguration matched:
      - @ConditionalOnClass found required class 'com.fasterxml.jackson.databind.ObjectMapper' (OnClassCondition)

   CodecsAutoConfiguration.JacksonCodecConfiguration#jacksonCodecCustomizer matched:
      - @ConditionalOnBean (types: com.fasterxml.jackson.databind.ObjectMapper; SearchStrategy: all) found bean 'jacksonObjectMapper' (OnBeanCondition)

   ConnectionFactoryConfigurations.PoolConfiguration matched:
      - Property-based pooling is enabled (ConnectionFactoryConfigurations.PooledConnectionFactoryCondition)
      - @ConditionalOnMissingBean (types: io.r2dbc.spi.ConnectionFactory; SearchStrategy: all) did not find any beans (OnBeanCondition)

   ConnectionFactoryConfigurations.PoolConfiguration.PooledConnectionFactoryConfiguration matched:
      - @ConditionalOnClass found required class 'io.r2dbc.pool.ConnectionPool' (OnClassCondition)

   ConnectionFactoryDependentConfiguration matched:
      - @ConditionalOnClass found required class 'org.springframework.r2dbc.core.DatabaseClient' (OnClassCondition)
      - @ConditionalOnSingleCandidate (types: io.r2dbc.spi.ConnectionFactory; SearchStrategy: all) found a single bean 'connectionFactory' (OnBeanCondition)

   ConnectionFactoryDependentConfiguration#r2dbcDatabaseClient matched:
      - @ConditionalOnMissingBean (types: org.springframework.r2dbc.core.DatabaseClient; SearchStrategy: all) did not find any beans (OnBeanCondition)

   DataSourceTransactionManagerAutoConfiguration matched:
      - @ConditionalOnClass found required classes 'org.springframework.jdbc.core.JdbcTemplate', 'org.springframework.transaction.TransactionManager' (OnClassCondition)

   EmbeddedWebServerFactoryCustomizerAutoConfiguration matched:
      - @ConditionalOnWebApplication (required) found ConfigurableReactiveWebEnvironment (OnWebApplicationCondition)
      - @ConditionalOnWarDeployment the application is not deployed as a WAR file. (OnWarDeploymentCondition)

   EmbeddedWebServerFactoryCustomizerAutoConfiguration.NettyWebServerFactoryCustomizerConfiguration matched:
      - @ConditionalOnClass found required class 'reactor.netty.http.server.HttpServer' (OnClassCondition)

   ErrorWebFluxAutoConfiguration matched:
      - @ConditionalOnClass found required class 'org.springframework.web.reactive.config.WebFluxConfigurer' (OnClassCondition)
      - found ConfigurableReactiveWebEnvironment (OnWebApplicationCondition)

   ErrorWebFluxAutoConfiguration#errorAttributes matched:
      - @ConditionalOnMissingBean (types: org.springframework.boot.web.reactive.error.ErrorAttributes; SearchStrategy: current) did not find any beans (OnBeanCondition)

   ErrorWebFluxAutoConfiguration#errorWebExceptionHandler matched:
      - @ConditionalOnMissingBean (types: org.springframework.boot.web.reactive.error.ErrorWebExceptionHandler; SearchStrategy: current) did not find any beans (OnBeanCondition)

   GenericCacheConfiguration matched:
      - Cache org.springframework.boot.autoconfigure.cache.GenericCacheConfiguration automatic cache type (CacheCondition)

   HttpHandlerAutoConfiguration matched:
      - @ConditionalOnClass found required classes 'org.springframework.web.reactive.DispatcherHandler', 'org.springframework.http.server.reactive.HttpHandler' (OnClassCondition)
      - found ConfigurableReactiveWebEnvironment (OnWebApplicationCondition)
      - @ConditionalOnMissingBean (types: org.springframework.http.server.reactive.HttpHandler; SearchStrategy: all) did not find any beans (OnBeanCondition)

   JacksonAutoConfiguration matched:
      - @ConditionalOnClass found required class 'com.fasterxml.jackson.databind.ObjectMapper' (OnClassCondition)

   JacksonAutoConfiguration.Jackson2ObjectMapperBuilderCustomizerConfiguration matched:
      - @ConditionalOnClass found required class 'org.springframework.http.converter.json.Jackson2ObjectMapperBuilder' (OnClassCondition)

   JacksonAutoConfiguration.JacksonObjectMapperBuilderConfiguration matched:
      - @ConditionalOnClass found required class 'org.springframework.http.converter.json.Jackson2ObjectMapperBuilder' (OnClassCondition)

   JacksonAutoConfiguration.JacksonObjectMapperBuilderConfiguration#jacksonObjectMapperBuilder matched:
      - @ConditionalOnMissingBean (types: org.springframework.http.converter.json.Jackson2ObjectMapperBuilder; SearchStrategy: all) did not find any beans (OnBeanCondition)

   JacksonAutoConfiguration.JacksonObjectMapperConfiguration matched:
      - @ConditionalOnClass found required class 'org.springframework.http.converter.json.Jackson2ObjectMapperBuilder' (OnClassCondition)

   JacksonAutoConfiguration.JacksonObjectMapperConfiguration#jacksonObjectMapper matched:
      - @ConditionalOnMissingBean (types: com.fasterxml.jackson.databind.ObjectMapper; SearchStrategy: all) did not find any beans (OnBeanCondition)

   JacksonAutoConfiguration.ParameterNamesModuleConfiguration matched:
      - @ConditionalOnClass found required class 'com.fasterxml.jackson.module.paramnames.ParameterNamesModule' (OnClassCondition)

   JacksonAutoConfiguration.ParameterNamesModuleConfiguration#parameterNamesModule matched:
[...]

   MailSenderAutoConfiguration:
      Did not match:
         - @ConditionalOnClass did not find required class 'jakarta.mail.internet.MimeMessage' (OnClassCondition)

   MailSenderValidatorAutoConfiguration:
      Did not match:
         - @ConditionalOnSingleCandidate did not find required type 'org.springframework.mail.javamail.JavaMailSenderImpl' (OnBeanCondition)

   MessageSourceAutoConfiguration:
      Did not match:
         - ResourceBundle did not find bundle with basename messages (MessageSourceAutoConfiguration.ResourceBundleCondition)

   MongoAutoConfiguration:
      Did not match:
         - @ConditionalOnClass did not find required class 'com.mongodb.client.MongoClient' (OnClassCondition)

   MongoDataAutoConfiguration:
      Did not match:
         - @ConditionalOnClass did not find required class 'com.mongodb.client.MongoClient' (OnClassCondition)

   MongoReactiveAutoConfiguration:
      Did not match:
         - @ConditionalOnClass did not find required class 'com.mongodb.reactivestreams.client.MongoClient' (OnClassCondition)

   MongoReactiveDataAutoConfiguration:
      Did not match:
         - @ConditionalOnClass did not find required class 'com.mongodb.reactivestreams.client.MongoClient' (OnClassCondition)

   MongoReactiveRepositoriesAutoConfiguration:
      Did not match:
         - @ConditionalOnClass did not find required class 'com.mongodb.reactivestreams.client.MongoClient' (OnClassCondition)

   MongoRepositoriesAutoConfiguration:
      Did not match:
         - @ConditionalOnClass did not find required class 'com.mongodb.client.MongoClient' (OnClassCondition)

   MultipartAutoConfiguration:
      Did not match:
         - @ConditionalOnClass did not find required class 'jakarta.servlet.MultipartConfigElement' (OnClassCondition)

   MustacheAutoConfiguration:
      Did not match:
         - @ConditionalOnClass did not find required class 'com.samskivert.mustache.Mustache' (OnClassCondition)

   Neo4jAutoConfiguration:
      Did not match:
         - @ConditionalOnClass did not find required class 'org.neo4j.driver.Driver' (OnClassCondition)

   Neo4jDataAutoConfiguration:
      Did not match:
         - @ConditionalOnClass did not find required class 'org.neo4j.driver.Driver' (OnClassCondition)

   Neo4jReactiveDataAutoConfiguration:
      Did not match:
         - @ConditionalOnClass did not find required class 'org.neo4j.driver.Driver' (OnClassCondition)

   Neo4jReactiveRepositoriesAutoConfiguration:
      Did not match:
         - @ConditionalOnClass did not find required class 'org.neo4j.driver.Driver' (OnClassCondition)

   Neo4jRepositoriesAutoConfiguration:
      Did not match:
         - @ConditionalOnClass did not find required class 'org.neo4j.driver.Driver' (OnClassCondition)

   OAuth2AuthorizationServerAutoConfiguration:
      Did not match:
         - @ConditionalOnClass did not find required class 'org.springframework.security.oauth2.server.authorization.OAuth2Authorization' (OnClassCondition)

   OAuth2AuthorizationServerJwtAutoConfiguration:
      Did not match:
         - @ConditionalOnClass did not find required class 'org.springframework.security.oauth2.server.authorization.OAuth2Authorization' (OnClassCondition)

   OAuth2ClientAutoConfiguration:
      Did not match:
         - @ConditionalOnClass did not find required class 'org.springframework.security.config.annotation.web.configuration.EnableWebSecurity' (OnClassCondition)

   OAuth2ResourceServerAutoConfiguration:
      Did not match:
         - @ConditionalOnClass did not find required class 'org.springframework.security.oauth2.server.resource.authentication.BearerTokenAuthenticationToken' (OnClassCondition)

   ProjectInfoAutoConfiguration#buildProperties:
      Did not match:
         - @ConditionalOnResource did not find resource '${spring.info.build.location:classpath:META-INF/build-info.properties}' (OnResourceCondition)

   ProjectInfoAutoConfiguration#gitProperties:
      Did not match:
         - GitResource did not find git info at classpath:git.properties (ProjectInfoAutoConfiguration.GitResourceAvailableCondition)

   QuartzAutoConfiguration:
      Did not match:
         - @ConditionalOnClass did not find required class 'org.quartz.Scheduler' (OnClassCondition)

   RSocketGraphQlClientAutoConfiguration:
      Did not match:
         - @ConditionalOnClass did not find required class 'graphql.GraphQL' (OnClassCondition)

   RSocketMessagingAutoConfiguration:
      Did not match:
         - @ConditionalOnClass did not find required class 'io.rsocket.RSocket' (OnClassCondition)

   RSocketRequesterAutoConfiguration:
      Did not match:
         - @ConditionalOnClass did not find required class 'io.rsocket.RSocket' (OnClassCondition)

   RSocketSecurityAutoConfiguration:
      Did not match:
         - @ConditionalOnClass did not find required class 'org.springframework.security.rsocket.core.SecuritySocketAcceptorInterceptor' (OnClassCondition)

   RSocketServerAutoConfiguration:
      Did not match:
         - @ConditionalOnClass did not find required class 'io.rsocket.core.RSocketServer' (OnClassCondition)

   RSocketStrategiesAutoConfiguration:
      Did not match:
         - @ConditionalOnClass did not find required class 'io.rsocket.RSocket' (OnClassCondition)

   RabbitAutoConfiguration:
      Did not match:
         - @ConditionalOnClass did not find required class 'com.rabbitmq.client.Channel' (OnClassCondition)

   ReactiveElasticsearchClientAutoConfiguration:
      Did not match:
         - @ConditionalOnClass did not find required class 'co.elastic.clients.transport.ElasticsearchTransport' (OnClassCondition)

   ReactiveElasticsearchRepositoriesAutoConfiguration:
      Did not match:
         - @ConditionalOnClass did not find required class 'org.springframework.data.elasticsearch.client.elc.ReactiveElasticsearchClient' (OnClassCondition)

   ReactiveOAuth2ClientAutoConfiguration:
      Did not match:
         - @ConditionalOnClass did not find required class 'org.springframework.security.config.annotation.web.reactive.EnableWebFluxSecurity' (OnClassCondition)

   ReactiveOAuth2ResourceServerAutoConfiguration:
      Did not match:
         - @ConditionalOnClass did not find required class 'org.springframework.security.config.annotation.web.reactive.EnableWebFluxSecurity' (OnClassCondition)

   ReactiveSecurityAutoConfiguration:
      Did not match:
         - @ConditionalOnClass did not find required class 'org.springframework.security.config.annotation.web.reactive.EnableWebFluxSecurity' (OnClassCondition)

   ReactiveUserDetailsServiceAutoConfiguration:
      Did not match:
         - @ConditionalOnClass did not find required class 'org.springframework.security.authentication.ReactiveAuthenticationManager' (OnClassCondition)

   ReactiveWebServerFactoryAutoConfiguration#forwardedHeaderTransformer:
      Did not match:
         - @ConditionalOnProperty (server.forward-headers-strategy=framework) did not find property 'server.forward-headers-strategy' (OnPropertyCondition)

   ReactiveWebServerFactoryAutoConfiguration#tomcatReactiveWebServerFactoryCustomizer:
      Did not match:
         - @ConditionalOnClass did not find required class 'org.apache.catalina.startup.Tomcat' (OnClassCondition)

   ReactiveWebServerFactoryConfiguration.EmbeddedJetty:
      Did not match:
         - @ConditionalOnClass did not find required classes 'org.eclipse.jetty.server.Server', 'org.eclipse.jetty.servlet.ServletHolder' (OnClassCondition)

   ReactiveWebServerFactoryConfiguration.EmbeddedTomcat:
      Did not match:
         - @ConditionalOnClass did not find required class 'org.apache.catalina.startup.Tomcat' (OnClassCondition)

   ReactiveWebServerFactoryConfiguration.EmbeddedUndertow:
      Did not match:
         - @ConditionalOnClass did not find required class 'io.undertow.Undertow' (OnClassCondition)

   RedisAutoConfiguration:
      Did not match:
         - @ConditionalOnClass did not find required class 'org.springframework.data.redis.core.RedisOperations' (OnClassCondition)

   RedisCacheConfiguration:
      Did not match:
         - @ConditionalOnClass did not find required class 'org.springframework.data.redis.connection.RedisConnectionFactory' (OnClassCondition)

   RedisReactiveAutoConfiguration:
      Did not match:
         - @ConditionalOnClass did not find required class 'org.springframework.data.redis.connection.ReactiveRedisConnectionFactory' (OnClassCondition)

   RedisRepositoriesAutoConfiguration:
      Did not match:
         - @ConditionalOnClass did not find required class 'org.springframework.data.redis.repository.configuration.EnableRedisRepositories' (OnClassCondition)

   RemoteDevToolsAutoConfiguration:
      Did not match:
         - @ConditionalOnClass did not find required class 'jakarta.servlet.Filter' (OnClassCondition)

   RepositoryRestMvcAutoConfiguration:
      Did not match:
         - @ConditionalOnClass did not find required class 'org.springframework.data.rest.webmvc.config.RepositoryRestMvcConfiguration' (OnClassCondition)

   RestTemplateAutoConfiguration:
      Did not match:
         - NoneNestedConditions 1 matched 0 did not; NestedCondition on RestTemplateAutoConfiguration.NotReactiveWebApplicationCondition.ReactiveWebApplication found ConfigurableReactiveWebEnvironment (RestTemplateAutoConfiguration.NotReactiveWebApplicationCondition)
      Matched:
         - @ConditionalOnClass found required class 'org.springframework.web.client.RestTemplate' (OnClassCondition)

   Saml2RelyingPartyAutoConfiguration:
      Did not match:
         - @ConditionalOnClass did not find required class 'org.springframework.security.saml2.provider.service.registration.RelyingPartyRegistrationRepository' (OnClassCondition)

   SecurityAutoConfiguration:
      Did not match:
         - @ConditionalOnClass did not find required class 'org.springframework.security.authentication.DefaultAuthenticationEventPublisher' (OnClassCondition)

   SecurityFilterAutoConfiguration:
      Did not match:
         - @ConditionalOnClass did not find required class 'org.springframework.security.config.http.SessionCreationPolicy' (OnClassCondition)

   SendGridAutoConfiguration:
      Did not match:
         - @ConditionalOnClass did not find required class 'com.sendgrid.SendGrid' (OnClassCondition)

   ServletWebServerFactoryAutoConfiguration:
      Did not match:
         - @ConditionalOnClass did not find required class 'jakarta.servlet.ServletRequest' (OnClassCondition)

   SessionAutoConfiguration:
      Did not match:
         - @ConditionalOnClass did not find required class 'org.springframework.session.Session' (OnClassCondition)

   SpringApplicationAdminJmxAutoConfiguration:
      Did not match:
         - @ConditionalOnProperty (spring.application.admin.enabled=true) did not find property 'enabled' (OnPropertyCondition)

   SpringDataWebAutoConfiguration:
      Did not match:
         - @ConditionalOnClass did not find required class 'org.springframework.web.servlet.config.annotation.WebMvcConfigurer' (OnClassCondition)

   TaskSchedulingAutoConfiguration#scheduledBeanLazyInitializationExcludeFilter:
      Did not match:
         - @ConditionalOnBean (names: org.springframework.context.annotation.internalScheduledAnnotationProcessor; SearchStrategy: all) did not find any beans named org.springframework.context.annotation.internalScheduledAnnotationProcessor (OnBeanCondition)

   TaskSchedulingAutoConfiguration#taskScheduler:
      Did not match:
         - @ConditionalOnBean (names: org.springframework.context.annotation.internalScheduledAnnotationProcessor; SearchStrategy: all) did not find any beans named org.springframework.context.annotation.internalScheduledAnnotationProcessor (OnBeanCondition)

   ThymeleafAutoConfiguration:
      Did not match:
         - @ConditionalOnClass did not find required class 'org.thymeleaf.spring6.SpringTemplateEngine' (OnClassCondition)

   TransactionAutoConfiguration.AspectJTransactionManagementConfiguration:
      Did not match:
         - @ConditionalOnBean did not find required type 'org.springframework.transaction.aspectj.AbstractTransactionAspect' (OnBeanCondition)
         - @ConditionalOnBean (types: org.springframework.transaction.aspectj.AbstractTransactionAspect; SearchStrategy: all) did not find any beans of type org.springframework.transaction.aspectj.AbstractTransactionAspect (OnBeanCondition)

   TransactionAutoConfiguration.EnableTransactionManagementConfiguration.JdkDynamicAutoProxyConfiguration:
      Did not match:
         - @ConditionalOnProperty (spring.aop.proxy-target-class=false) did not find property 'proxy-target-class' (OnPropertyCondition)

   TransactionAutoConfiguration.TransactionTemplateConfiguration:
      Did not match:
         - @ConditionalOnSingleCandidate (types: org.springframework.transaction.PlatformTransactionManager; SearchStrategy: all) did not find any beans (OnBeanCondition)

   UserDetailsServiceAutoConfiguration:
      Did not match:
         - @ConditionalOnClass did not find required class 'org.springframework.security.authentication.AuthenticationManager' (OnClassCondition)

   ValidationAutoConfiguration:
      Did not match:
         - @ConditionalOnClass did not find required class 'jakarta.validation.executable.ExecutableValidator' (OnClassCondition)

   WebFluxAutoConfiguration#hiddenHttpMethodFilter:
      Did not match:
         - @ConditionalOnProperty (spring.webflux.hiddenmethod.filter.enabled) did not find property 'enabled' (OnPropertyCondition)

   WebFluxAutoConfiguration.ProblemDetailsErrorHandlingConfiguration:
      Did not match:
         - @ConditionalOnProperty (spring.webflux.problemdetails.enabled=true) did not find property 'enabled' (OnPropertyCondition)

   WebFluxAutoConfiguration.ResourceChainCustomizerConfiguration:
      Did not match:
         - @ConditionalOnEnabledResourceChain did not find class org.webjars.WebJarAssetLocator (OnEnabledResourceChainCondition)

   WebMvcAutoConfiguration:
      Did not match:
         - @ConditionalOnClass did not find required class 'jakarta.servlet.Servlet' (OnClassCondition)

   WebServiceTemplateAutoConfiguration:
      Did not match:
         - @ConditionalOnClass did not find required class 'org.springframework.oxm.Marshaller' (OnClassCondition)

   WebServicesAutoConfiguration:
      Did not match:
         - @ConditionalOnClass did not find required class 'org.springframework.ws.transport.http.MessageDispatcherServlet' (OnClassCondition)

   WebSocketMessagingAutoConfiguration:
      Did not match:
         - @ConditionalOnClass did not find required class 'org.springframework.web.socket.config.annotation.WebSocketMessageBrokerConfigurer' (OnClassCondition)

   WebSocketReactiveAutoConfiguration:
      Did not match:
         - @ConditionalOnClass did not find required class 'jakarta.servlet.Servlet' (OnClassCondition)

   WebSocketServletAutoConfiguration:
      Did not match:
         - @ConditionalOnClass did not find required class 'jakarta.servlet.Servlet' (OnClassCondition)

   XADataSourceAutoConfiguration:
      Did not match:
         - @ConditionalOnClass did not find required class 'jakarta.transaction.TransactionManager' (OnClassCondition)


Exclusions:
-----------

    None


Unconditional classes:
----------------------

    org.springframework.boot.autoconfigure.context.ConfigurationPropertiesAutoConfiguration

    org.springframework.boot.autoconfigure.ssl.SslAutoConfiguration

    org.springframework.boot.autoconfigure.context.LifecycleAutoConfiguration

    org.springframework.boot.autoconfigure.context.PropertyPlaceholderAutoConfiguration

    org.springframework.boot.autoconfigure.availability.ApplicationAvailabilityAutoConfiguration

    org.springframework.boot.autoconfigure.info.ProjectInfoAutoConfiguration



2023-11-04T16:08:32.209Z  INFO 10520 --- [           main] uc.dei.server.ServerApplicationTests     : Started ServerApplicationTests in 2.257 seconds (process running for 3.064)
2023-11-04T16:08:32.211Z DEBUG 10520 --- [           main] o.s.b.a.ApplicationAvailabilityBean      : Application availability state LivenessState changed to CORRECT
2023-11-04T16:08:32.212Z DEBUG 10520 --- [           main] o.s.boot.devtools.restart.Restarter      : Creating new Restarter for thread Thread[#1,main,5,main]
2023-11-04T16:08:32.214Z DEBUG 10520 --- [           main] o.s.b.a.ApplicationAvailabilityBean      : Application availability state ReadinessState changed to ACCEPTING_TRAFFIC
2023-11-04T16:08:32.217Z DEBUG 10520 --- [           main] org.springframework.test.context.cache   : Spring test ApplicationContext cache statistics: [DefaultContextCache@4f3c7808 size = 1, maxSize = 32, parentContextCount = 0, hitCount = 0, missCount = 1]
2023-11-04T16:08:32.222Z DEBUG 10520 --- [           main] org.springframework.test.context.cache   : Spring test ApplicationContext cache statistics: [DefaultContextCache@4f3c7808 size = 1, maxSize = 32, parentContextCount = 0, hitCount = 1, missCount = 1]
2023-11-04T16:08:32.237Z DEBUG 10520 --- [           main] sContextBeforeModesTestExecutionListener : Before test method: class [ServerApplicationTests], method [contextLoads], class annotated with @DirtiesContext [false] with mode [null], method annotated with @DirtiesContext [false] with mode [null]
2023-11-04T16:08:32.243Z DEBUG 10520 --- [           main] org.springframework.test.context.cache   : Spring test ApplicationContext cache statistics: [DefaultContextCache@4f3c7808 size = 1, maxSize = 32, parentContextCount = 0, hitCount = 2, missCount = 1]
2023-11-04T16:08:32.243Z DEBUG 10520 --- [           main] org.springframework.test.context.cache   : Spring test ApplicationContext cache statistics: [DefaultContextCache@4f3c7808 size = 1, maxSize = 32, parentContextCount = 0, hitCount = 3, missCount = 1]
2023-11-04T16:08:33.068Z DEBUG 10520 --- [           main] org.springframework.test.context.cache   : Spring test ApplicationContext cache statistics: [DefaultContextCache@4f3c7808 size = 1, maxSize = 32, parentContextCount = 0, hitCount = 4, missCount = 1]
2023-11-04T16:08:33.071Z DEBUG 10520 --- [           main] org.springframework.test.context.cache   : Spring test ApplicationContext cache statistics: [DefaultContextCache@4f3c7808 size = 1, maxSize = 32, parentContextCount = 0, hitCount = 5, missCount = 1]
2023-11-04T16:08:33.071Z DEBUG 10520 --- [           main] org.springframework.test.context.cache   : Spring test ApplicationContext cache statistics: [DefaultContextCache@4f3c7808 size = 1, maxSize = 32, parentContextCount = 0, hitCount = 6, missCount = 1]
2023-11-04T16:08:33.071Z DEBUG 10520 --- [           main] org.springframework.test.context.cache   : Spring test ApplicationContext cache statistics: [DefaultContextCache@4f3c7808 size = 1, maxSize = 32, parentContextCount = 0, hitCount = 7, missCount = 1]
2023-11-04T16:08:33.072Z DEBUG 10520 --- [           main] org.springframework.test.context.cache   : Spring test ApplicationContext cache statistics: [DefaultContextCache@4f3c7808 size = 1, maxSize = 32, parentContextCount = 0, hitCount = 8, missCount = 1]
2023-11-04T16:08:33.072Z DEBUG 10520 --- [           main] org.springframework.test.context.cache   : Spring test ApplicationContext cache statistics: [DefaultContextCache@4f3c7808 size = 1, maxSize = 32, parentContextCount = 0, hitCount = 9, missCount = 1]
2023-11-04T16:08:33.074Z DEBUG 10520 --- [           main] org.springframework.test.context.cache   : Spring test ApplicationContext cache statistics: [DefaultContextCache@4f3c7808 size = 1, maxSize = 32, parentContextCount = 0, hitCount = 10, missCount = 1]
2023-11-04T16:08:33.075Z DEBUG 10520 --- [           main] .c.s.DirtiesContextTestExecutionListener : After test method: class [ServerApplicationTests], method [contextLoads], class annotated with @DirtiesContext [false] with mode [null], method annotated with @DirtiesContext [false] with mode [null]
]]></system-out>
  </testcase>
</testsuite>